   Input file: SCM_run.phr
  Output file: SCM_run.phr.out
Database file: phreeqc/database/llnl.dat

------------------
Reading data base.
------------------

	LLNL_AQUEOUS_MODEL_PARAMETERS
	NAMED_EXPRESSIONS
	SOLUTION_MASTER_SPECIES
	SOLUTION_SPECIES
	PHASES
	EXCHANGE_MASTER_SPECIES
	EXCHANGE_SPECIES
	SURFACE_MASTER_SPECIES
	SURFACE_SPECIES
	RATES
	END
------------------------------------
Reading input data for simulation 1.
------------------------------------

	SURFACE_MASTER_SPECIES 
	Surf_ Surf_OH
	SURFACE_SPECIES
	Surf_OH = Surf_OH   		# montmorillonite protonation reactions 
		log_k	0.0
	Surf_OH + H+ = Surf_OH2+
		log_k	7.29
	Surf_OH = Surf_O- + H+
		log_k	-8.93
	Surf_OH + UO2+2 = Surf_OUO2+ + H+
		log_k  2.33203125                        # log_k = 2.6 		
	END
------------------
End of simulation.
------------------

------------------------------------
Reading input data for simulation 2.
------------------------------------

	SURFACE 1
		sites DENSITY
		Surf_OH		2.31	0.35	12.5	# name of site, site density, specific area/gram, grams
	END
------------------
End of simulation.
------------------

------------------------------------
Reading input data for simulation 3.
------------------------------------

	SELECTED_OUTPUT
	file			output_2.xls
	reset		true
	totals		 
	molalities	UO2+2  UO2+ Surf_OUO2+     
	END
------------------
End of simulation.
------------------

------------------------------------
Reading input data for simulation 4.
------------------------------------

	SOLUTION 1 SGW2
	  temperature	25.0  # [ C]
	  pressure	1.0   # [atm]
	  density	1.0   # [kg/L], default
	  water	1.0   # [kg], default
	  ph		8.2   # Real value (SGW2) 
	  pe 		-1.69 # Eh = -100 mV 
	  redox	pe    # default
	  units	mg/L
	  Na	16.5	#charge
	  K		2.1
	  Ca	34.6
	  Mg	8.3
	  Cl	3.3
	  S		21.0	as SO4	charge
	  C		168.7	CO2(g) -3.00
	  Si	31.2	as SiO2
	  Al 	0.1	# First estimate
	  Fe	0.1	# First estimate
	  U(+6)	7.795703125
	END
-------------------------------------------
Beginning of initial solution calculations.
-------------------------------------------

Initial solution 1.	SGW2

-----------------------------Solution composition------------------------------

	Elements           Molality       Moles

	Al                3.707e-06   3.707e-06
	C                 2.722e-03   2.722e-03  Equilibrium with CO2(g)
	Ca                8.636e-04   8.636e-04
	Cl                9.311e-05   9.311e-05
	Fe                1.791e-06   1.791e-06
	K                 5.373e-05   5.373e-05
	Mg                3.416e-04   3.416e-04
	Na                7.179e-04   7.179e-04
	S                 1.598e-04   1.598e-04  Charge balance
	Si                5.195e-04   5.195e-04
	U(6)              3.276e-05   3.276e-05

----------------------------Description of solution----------------------------

                                       pH  =   8.200    
                                       pe  =  -1.690    
                        Activity of water  =   1.000
                 Ionic strength (mol/kgw)  =   4.494e-03
                       Mass of water (kg)  =   1.000e+00
                 Total alkalinity (eq/kg)  =   2.849e-03
                       Total CO2 (mol/kg)  =   2.722e-03
                         Temperature (°C)  =  25.00
                  Electrical balance (eq)  =  -1.462e-11
 Percent error, 100*(Cat-|An|)/(Cat+|An|)  =  -0.00
                               Iterations  =  11
                                  Total H  = 1.110532e+02
                                  Total O  = 5.553522e+01

----------------------------Distribution of species----------------------------

                                               Log       Log       Log    mole V
   Species          Molality    Activity  Molality  Activity     Gamma    cm³/mol

   OH-             1.642e-06   1.527e-06    -5.785    -5.816    -0.032     (0)  
   H+              6.736e-09   6.310e-09    -8.172    -8.200    -0.028      0.00
   H2O             5.553e+01   9.999e-01     1.744    -0.000     0.000     (0)  
Al            3.707e-06
   AlO2-           3.644e-06   3.391e-06    -5.438    -5.470    -0.031     (0)  
   HAlO2           6.245e-08   6.245e-08    -7.204    -7.204     0.000     (0)  
   NaAlO2          4.302e-10   4.302e-10    -9.366    -9.366     0.000     (0)  
   Al(OH)2+        2.910e-10   2.708e-10    -9.536    -9.567    -0.031     (0)  
   AlOH+2          9.802e-13   7.358e-13   -12.009   -12.133    -0.125     (0)  
   Al+3            7.495e-16   4.144e-16   -15.125   -15.383    -0.257     (0)  
   AlSO4+          4.866e-17   4.528e-17   -16.313   -16.344    -0.031     (0)  
   Al(SO4)2-       4.033e-19   3.752e-19   -18.394   -18.426    -0.031     (0)  
   Al2(OH)2+4      2.715e-22   8.803e-23   -21.566   -22.055    -0.489     (0)  
   Al3(OH)4+5      3.379e-27   5.915e-28   -26.471   -27.228    -0.757     (0)  
   Al13O4(OH)24+7   1.512e-35   4.965e-37   -34.821   -36.304    -1.483     (0)  
C(-2)         0.000e+00
   C2H4            0.000e+00   0.000e+00   -96.209   -96.209     0.000     (0)  
C(-3)         0.000e+00
   C2H6            0.000e+00   0.000e+00   -61.896   -61.896     0.000     (0)  
C(-4)         9.775e-36
   CH4             9.775e-36   9.775e-36   -35.010   -35.010     0.000     (0)  
C(2)          2.986e-23
   CO              2.986e-23   2.986e-23   -22.525   -22.525     0.000     (0)  
C(4)          2.722e-03
   HCO3-           2.527e-03   2.351e-03    -2.597    -2.629    -0.031     (0)  
   CO2             3.438e-05   3.441e-05    -4.464    -4.463     0.000     (0)  
   CaCO3           2.355e-05   2.355e-05    -4.628    -4.628     0.000     (0)  
   CO3-2           2.203e-05   1.653e-05    -4.657    -4.782    -0.125     (0)  
   UO2(CO3)3-4     1.947e-05   6.102e-06    -4.711    -5.215    -0.504     (0)  
   CaHCO3+         1.841e-05   1.713e-05    -4.735    -4.766    -0.031     (0)  
   UO2(CO3)2-2     1.096e-05   8.203e-06    -4.960    -5.086    -0.126     (0)  
   MgHCO3+         7.251e-06   6.746e-06    -5.140    -5.171    -0.031     (0)  
   MgCO3           4.320e-06   4.320e-06    -5.364    -5.364     0.000     (0)  
   NaHCO3          2.237e-06   2.237e-06    -5.650    -5.650     0.000     (0)  
   (UO2)2CO3(OH)3-   9.224e-07   8.583e-07    -6.035    -6.066    -0.031     (0)  
   FeHCO3+         6.481e-07   6.030e-07    -6.188    -6.220    -0.031     (0)  
   FeCO3           4.587e-07   4.587e-07    -6.338    -6.338     0.000     (0)  
   NaCO3-          4.135e-08   3.847e-08    -7.384    -7.415    -0.031     (0)  
   UO2CO3          2.580e-08   2.580e-08    -7.588    -7.588     0.000     (0)  
   (UO2)3(CO3)6-6   1.070e-11   7.859e-13   -10.971   -12.105    -1.134     (0)  
   FeCO3+          9.818e-17   9.134e-17   -16.008   -16.039    -0.031     (0)  
   (UO2)3(OH)5CO2+   1.151e-17   1.071e-17   -16.939   -16.970    -0.031     (0)  
   (UO2)3O(OH)2(HCO3)+   9.281e-18   8.635e-18   -17.032   -17.064    -0.031     (0)  
   (UO2)11(CO3)6(OH)12-2   4.343e-32   3.251e-32   -31.362   -31.488    -0.126     (0)  
Ca            8.636e-04
   Ca+2            8.120e-04   6.146e-04    -3.090    -3.211    -0.121     (0)  
   CaCO3           2.355e-05   2.355e-05    -4.628    -4.628     0.000     (0)  
   CaHCO3+         1.841e-05   1.713e-05    -4.735    -4.766    -0.031     (0)  
   CaSO4           9.585e-06   9.585e-06    -5.018    -5.018     0.000     (0)  
   CaOH+           1.479e-08   1.376e-08    -7.830    -7.861    -0.031     (0)  
   CaCl+           1.211e-08   1.126e-08    -7.917    -7.948    -0.031     (0)  
   CaCl2           1.146e-12   1.146e-12   -11.941   -11.941     0.000     (0)  
Cl(-1)        9.311e-05
   Cl-             9.307e-05   8.646e-05    -4.031    -4.063    -0.032     (0)  
   MgCl+           1.792e-08   1.668e-08    -7.747    -7.778    -0.031     (0)  
   CaCl+           1.211e-08   1.126e-08    -7.917    -7.948    -0.031     (0)  
   NaCl            1.011e-08   1.011e-08    -7.995    -7.995     0.000     (0)  
   KCl             1.448e-10   1.448e-10    -9.839    -9.839     0.000     (0)  
   FeCl+           3.308e-11   3.078e-11   -10.480   -10.512    -0.031     (0)  
   CaCl2           1.146e-12   1.146e-12   -11.941   -11.941     0.000     (0)  
   HCl             1.225e-13   1.225e-13   -12.912   -12.912     0.000     (0)  
   UO2Cl+          4.299e-17   4.000e-17   -16.367   -16.398    -0.031     (0)  
   FeCl2           1.428e-17   1.428e-17   -16.845   -16.845     0.000     (0)  
   UO2Cl2          1.770e-22   1.770e-22   -21.752   -21.752     0.000     (0)  
   FeCl4-2         4.122e-25   3.085e-25   -24.385   -24.511    -0.126     (0)  
   FeCl+2          1.836e-26   1.378e-26   -25.736   -25.861    -0.125     (0)  
   FeCl2+          1.037e-27   9.648e-28   -26.984   -27.016    -0.031     (0)  
   FeCl4-          9.320e-39   8.671e-39   -38.031   -38.062    -0.031     (0)  
Cl(1)         0.000e+00
   ClO-            0.000e+00   0.000e+00   -49.120   -49.152    -0.031     (0)  
   HClO            0.000e+00   0.000e+00   -49.782   -49.782     0.000     (0)  
Cl(3)         0.000e+00
   ClO2-           0.000e+00   0.000e+00   -87.104   -87.135    -0.031     (0)  
   HClO2           0.000e+00   0.000e+00   -92.165   -92.165     0.000     (0)  
Cl(5)         0.000e+00
   ClO3-           0.000e+00   0.000e+00  -111.234  -111.266    -0.032     (0)  
   UO2ClO3+        0.000e+00   0.000e+00  -123.236  -123.267    -0.031     (0)  
Cl(7)         0.000e+00
   ClO4-           0.000e+00   0.000e+00  -139.667  -139.698    -0.032     (0)  
Fe(2)         1.787e-06
   FeHCO3+         6.481e-07   6.030e-07    -6.188    -6.220    -0.031     (0)  
   Fe+2            6.456e-07   4.887e-07    -6.190    -6.311    -0.121     (0)  
   FeCO3           4.587e-07   4.587e-07    -6.338    -6.338     0.000     (0)  
   FeOH+           2.632e-08   2.449e-08    -7.580    -7.611    -0.031     (0)  
   FeSO4           8.269e-09   8.269e-09    -8.083    -8.083     0.000     (0)  
   FeCl+           3.308e-11   3.078e-11   -10.480   -10.512    -0.031     (0)  
   Fe(OH)2         3.083e-11   3.083e-11   -10.511   -10.511     0.000     (0)  
   Fe(OH)3-        2.090e-13   1.945e-13   -12.680   -12.711    -0.031     (0)  
   FeCl2           1.428e-17   1.428e-17   -16.845   -16.845     0.000     (0)  
   Fe(OH)4-2       4.118e-20   3.082e-20   -19.385   -19.511    -0.126     (0)  
   FeCl4-2         4.122e-25   3.085e-25   -24.385   -24.511    -0.126     (0)  
Fe(3)         4.026e-09
   Fe(OH)3         3.808e-09   3.808e-09    -8.419    -8.419     0.000     (0)  
   Fe(OH)4-        1.629e-10   1.516e-10    -9.788    -9.819    -0.031     (0)  
   Fe(OH)2+        5.521e-11   5.137e-11   -10.258   -10.289    -0.031     (0)  
   FeOH+2          1.304e-15   9.789e-16   -14.885   -15.009    -0.125     (0)  
   FeCO3+          9.818e-17   9.134e-17   -16.008   -16.039    -0.031     (0)  
   Fe+3            1.730e-21   9.567e-22   -20.762   -21.019    -0.257     (0)  
   FeSO4+          1.062e-23   9.882e-24   -22.974   -23.005    -0.031     (0)  
   Fe(SO4)2-       1.917e-26   1.784e-26   -25.717   -25.749    -0.031     (0)  
   FeCl+2          1.836e-26   1.378e-26   -25.736   -25.861    -0.125     (0)  
   FeCl2+          1.037e-27   9.648e-28   -26.984   -27.016    -0.031     (0)  
   Fe2(OH)2+4      7.952e-29   2.579e-29   -28.100   -28.589    -0.489     (0)  
   Fe3(OH)4+5      1.581e-36   2.768e-37   -35.801   -36.558    -0.757     (0)  
   FeCl4-          9.320e-39   8.671e-39   -38.031   -38.062    -0.031     (0)  
H(0)          1.514e-16
   H2              7.570e-17   7.578e-17   -16.121   -16.120     0.000     (0)  
K             5.373e-05
   K+              5.368e-05   4.987e-05    -4.270    -4.302    -0.032     (0)  
   KSO4-           4.619e-08   4.297e-08    -7.335    -7.367    -0.031     (0)  
   KCl             1.448e-10   1.448e-10    -9.839    -9.839     0.000     (0)  
   KOH             2.740e-11   2.740e-11   -10.562   -10.562     0.000     (0)  
   KHSO4           2.392e-16   2.392e-16   -15.621   -15.621     0.000     (0)  
Mg            3.416e-04
   Mg+2            3.230e-04   2.470e-04    -3.491    -3.607    -0.116     (0)  
   MgHCO3+         7.251e-06   6.746e-06    -5.140    -5.171    -0.031     (0)  
   MgSO4           7.043e-06   7.043e-06    -5.152    -5.152     0.000     (0)  
   MgCO3           4.320e-06   4.320e-06    -5.364    -5.364     0.000     (0)  
   MgCl+           1.792e-08   1.668e-08    -7.747    -7.778    -0.031     (0)  
   Mg4(OH)4+4      1.288e-21   4.177e-22   -20.890   -21.379    -0.489     (0)  
Na            7.179e-04
   Na+             7.148e-04   6.651e-04    -3.146    -3.177    -0.031     (0)  
   NaHCO3          2.237e-06   2.237e-06    -5.650    -5.650     0.000     (0)  
   NaSO4-          5.042e-07   4.691e-07    -6.297    -6.329    -0.031     (0)  
   NaHSiO3         2.889e-07   2.889e-07    -6.539    -6.539     0.000     (0)  
   NaCO3-          4.135e-08   3.847e-08    -7.384    -7.415    -0.031     (0)  
   NaCl            1.011e-08   1.011e-08    -7.995    -7.995     0.000     (0)  
   NaAlO2          4.302e-10   4.302e-10    -9.366    -9.366     0.000     (0)  
   NaOH            1.752e-10   1.752e-10    -9.756    -9.756     0.000     (0)  
O(0)          0.000e+00
   O2              0.000e+00   0.000e+00   -59.956   -59.955     0.000     (0)  
S(-2)         3.259e-31
   HS-             3.075e-31   2.859e-31   -30.512   -30.544    -0.032     (0)  
   H2S             1.844e-32   1.844e-32   -31.734   -31.734     0.000     (0)  
   S-2             7.137e-36   5.372e-36   -35.147   -35.270    -0.123     (0)  
   S2-2            0.000e+00   0.000e+00   -57.682   -57.808    -0.126     (0)  
   S3-2            0.000e+00   0.000e+00   -80.261   -80.387    -0.126     (0)  
   S4-2            0.000e+00   0.000e+00  -103.067  -103.193    -0.126     (0)  
   S5-2            0.000e+00   0.000e+00  -126.090  -126.216    -0.126     (0)  
S(2)          3.314e-38
   S2O3-2          1.657e-38   1.240e-38   -37.781   -37.907    -0.126     (0)  
   HS2O3-          0.000e+00   0.000e+00   -45.061   -45.093    -0.031     (0)  
   UO2S2O3         0.000e+00   0.000e+00   -48.190   -48.190     0.000     (0)  
S(3)          0.000e+00
   S2O4-2          0.000e+00   0.000e+00   -52.689   -52.812    -0.123     (0)  
S(4)          3.539e-21
   SO3-2           3.256e-21   2.444e-21   -20.487   -20.612    -0.125     (0)  
   HSO3-           2.825e-22   2.629e-22   -21.549   -21.580    -0.031     (0)  
   UO2SO3          4.305e-27   4.305e-27   -26.366   -26.366     0.000     (0)  
   H2SO3           1.590e-28   1.590e-28   -27.799   -27.799     0.000     (0)  
   SO2             1.262e-28   1.262e-28   -27.899   -27.899     0.000     (0)  
   S2O6-2          0.000e+00   0.000e+00   -45.608   -45.734    -0.126     (0)  
   UO2(SO3)2-2     0.000e+00   0.000e+00   -45.695   -45.821    -0.126     (0)  
   S3O6-2          0.000e+00   0.000e+00   -70.670   -70.796    -0.126     (0)  
   S4O6-2          0.000e+00   0.000e+00   -79.827   -79.952    -0.126     (0)  
   S5O6-2          0.000e+00   0.000e+00  -117.862  -117.988    -0.126     (0)  
S(5)          0.000e+00
   S2O5-2          0.000e+00   0.000e+00   -47.865   -47.991    -0.126     (0)  
S(6)          1.598e-04
   SO4-2           1.426e-04   1.068e-04    -3.846    -3.972    -0.126     (0)  
   CaSO4           9.585e-06   9.585e-06    -5.018    -5.018     0.000     (0)  
   MgSO4           7.043e-06   7.043e-06    -5.152    -5.152     0.000     (0)  
   NaSO4-          5.042e-07   4.691e-07    -6.297    -6.329    -0.031     (0)  
   KSO4-           4.619e-08   4.297e-08    -7.335    -7.367    -0.031     (0)  
   FeSO4           8.269e-09   8.269e-09    -8.083    -8.083     0.000     (0)  
   HSO4-           7.313e-11   6.804e-11   -10.136   -10.167    -0.031     (0)  
   UO2SO4          4.036e-14   4.036e-14   -13.394   -13.394     0.000     (0)  
   KHSO4           2.392e-16   2.392e-16   -15.621   -15.621     0.000     (0)  
   UO2(SO4)2-2     5.102e-17   3.818e-17   -16.292   -16.418    -0.126     (0)  
   AlSO4+          4.866e-17   4.528e-17   -16.313   -16.344    -0.031     (0)  
   Al(SO4)2-       4.033e-19   3.752e-19   -18.394   -18.426    -0.031     (0)  
   H2SO4           4.051e-22   4.051e-22   -21.392   -21.392     0.000     (0)  
   FeSO4+          1.062e-23   9.882e-24   -22.974   -23.005    -0.031     (0)  
   Fe(SO4)2-       1.917e-26   1.784e-26   -25.717   -25.749    -0.031     (0)  
S(7)          0.000e+00
   S2O8-2          0.000e+00   0.000e+00   -76.650   -76.776    -0.126     (0)  
S(8)          0.000e+00
   HSO5-           0.000e+00   0.000e+00   -59.378   -59.410    -0.031     (0)  
Si            5.195e-04
   SiO2            5.093e-04   5.093e-04    -3.293    -3.293     0.000     (0)  
   HSiO3-          9.909e-06   9.219e-06    -5.004    -5.035    -0.031     (0)  
   NaHSiO3         2.889e-07   2.889e-07    -6.539    -6.539     0.000     (0)  
   H2SiO4-2        1.874e-10   1.403e-10    -9.727    -9.853    -0.126     (0)  
   H6(H2SiO4)4-2   5.170e-11   3.869e-11   -10.287   -10.412    -0.126     (0)  
   H4(H2SiO4)4-4   1.554e-16   4.871e-17   -15.808   -16.312    -0.504     (0)  
U(6)          3.276e-05
   UO2(CO3)3-4     1.947e-05   6.102e-06    -4.711    -5.215    -0.504     (0)  
   UO2(CO3)2-2     1.096e-05   8.203e-06    -4.960    -5.086    -0.126     (0)  
   (UO2)2CO3(OH)3-   9.224e-07   8.583e-07    -6.035    -6.066    -0.031     (0)  
   UO2(OH)2        3.784e-07   3.784e-07    -6.422    -6.422     0.000     (0)  
   UO2(OH)3-       7.981e-08   7.426e-08    -7.098    -7.129    -0.031     (0)  
   UO2CO3          2.580e-08   2.580e-08    -7.588    -7.588     0.000     (0)  
   UO2OH+          3.278e-10   3.050e-10    -9.484    -9.516    -0.031     (0)  
   (UO2)3(CO3)6-6   1.070e-11   7.859e-13   -10.971   -12.105    -1.134     (0)  
   (UO2)3(OH)7-    7.215e-12   6.713e-12   -11.142   -11.173    -0.031     (0)  
   (UO2)3(OH)5+    8.227e-13   7.655e-13   -12.085   -12.116    -0.031     (0)  
   UO2+2           4.142e-13   3.109e-13   -12.383   -12.507    -0.125     (0)  
   UO2(OH)4-2      2.450e-13   1.834e-13   -12.611   -12.737    -0.126     (0)  
   UO2SO4          4.036e-14   4.036e-14   -13.394   -13.394     0.000     (0)  
   (UO2)2(OH)2+2   7.521e-15   5.645e-15   -14.124   -14.248    -0.125     (0)  
   (UO2)4(OH)7+    2.824e-15   2.628e-15   -14.549   -14.580    -0.031     (0)  
   UO2(SO4)2-2     5.102e-17   3.818e-17   -16.292   -16.418    -0.126     (0)  
   UO2Cl+          4.299e-17   4.000e-17   -16.367   -16.398    -0.031     (0)  
   (UO2)3(OH)4+2   2.975e-17   2.233e-17   -16.527   -16.651    -0.125     (0)  
   (UO2)3(OH)5CO2+   1.151e-17   1.071e-17   -16.939   -16.970    -0.031     (0)  
   (UO2)3O(OH)2(HCO3)+   9.281e-18   8.635e-18   -17.032   -17.064    -0.031     (0)  
   (UO2)2OH+3      5.699e-20   3.007e-20   -19.244   -19.522    -0.278     (0)  
   UO2Cl2          1.770e-22   1.770e-22   -21.752   -21.752     0.000     (0)  
   UO2SO3          4.305e-27   4.305e-27   -26.366   -26.366     0.000     (0)  
   (UO2)11(CO3)6(OH)12-2   4.343e-32   3.251e-32   -31.362   -31.488    -0.126     (0)  
   UO2(SO3)2-2     0.000e+00   0.000e+00   -45.695   -45.821    -0.126     (0)  
   UO2S2O3         0.000e+00   0.000e+00   -48.190   -48.190     0.000     (0)  
   UO2ClO3+        0.000e+00   0.000e+00  -123.236  -123.267    -0.031     (0)  

------------------------------Saturation indices-------------------------------

  Phase               SI** log IAP   log K(298 K,   1 atm)

  Afwillite       -26.98     32.98   59.96  Ca3Si2O4(OH)6
  Akermanite      -12.65     32.58   45.23  Ca2MgSi2O7
  Al              -95.73     54.18  149.91  Al
  Al(g)          -146.43     54.18  200.62  Al
  Al2(SO4)3       -61.58    -42.68   18.90  Al2(SO4)3
  Al2(SO4)3:6H2O  -44.24    -42.68    1.56  Al2(SO4)3:6H2O
  Albite            1.70      4.36    2.66  NaAlSi3O8
  Albite_high       0.39      4.36    3.98  NaAlSi3O8
  Albite_low        1.70      4.36    2.66  NaAlSi3O8
  Alum-K          -22.66    -27.63   -4.97  KAl(SO4)2:12H2O
  Alunite          -8.72     -9.19   -0.47  KAl3(OH)6(SO4)2
  Amesite-14A       6.18     81.45   75.27  Mg4Al4Si2O10(OH)8
  Analcime          0.89      6.95    6.06  Na.96Al.96Si2.04O6:H2O
  Analcime-dehy    -5.47      6.95   12.42  Na.96Al.96Si2.04O6
  Andalusite       -0.74     15.14   15.88  Al2SiO5
  Andradite         3.66     36.85   33.19  Ca3Fe2(SiO4)3
  Anhydrite        -2.83     -7.18   -4.35  CaSO4
  Annite            4.17     33.50   29.33  KFe3AlSi3O10(OH)2
  Anorthite        -1.44     25.04   26.48  CaAl2(SiO4)2
  Antarcticite    -15.43    -11.34    4.09  CaCl2:6H2O
  Anthophyllite    -3.27     63.20   66.48  Mg7Si8O22(OH)2
  Antigorite       26.45    502.09  475.63  Mg48Si34O85(OH)62
  Aphthitalite    -20.14    -24.03   -3.89  NaK3(SO4)2
  Aragonite         0.39      2.36    1.97  CaCO3
  Arcanite        -10.73    -12.58   -1.84  K2SO4
  Artinite         -4.87     14.76   19.63  Mg2CO3(OH)2:3H2O
  Bassanite        -3.48     -7.18   -3.71  CaSO4:0.5H2O
  Beidellite-Ca     6.12     11.57    5.44  Ca.165Al2.33Si3.67O10(OH)2
  Beidellite-H      4.90      9.39    4.49  H.33Al2.33Si3.67O10(OH)2
  Beidellite-K      5.51     10.68    5.16  K.33Al2.33Si3.67O10(OH)2
  Beidellite-Mg     6.10     11.50    5.41  Mg.165Al2.33Si3.67O10(OH)2
  Beidellite-Na     5.55     11.05    5.50  Na.33Al2.33Si3.67O10(OH)2
  Bischofite      -16.13    -11.73    4.39  MgCl2:6H2O
  Bloedite        -15.43    -17.90   -2.48  Na2Mg(SO4)2:4H2O
  Boehmite          1.67      9.22    7.55  AlO2H
  Boltwoodite     -10.39      4.50   14.89  K(H3O)(UO2)SiO4
  Boltwoodite-Na   -9.30      5.28   14.58  Na.7K.3(H3O)(UO2)SiO4:H2O
  Brucite          -3.49     12.79   16.28  Mg(OH)2
  Burkeite        -30.92    -21.43    9.49  Na6CO3(SO4)2
  C               -15.02     49.13   64.15  C
  C(g)           -132.64     49.13  181.77  C
  Ca              -96.67     43.17  139.83  Ca
  Ca(g)          -121.91     43.17  165.07  Ca
  Ca-Al_Pyroxene   -7.57     28.33   35.90  CaAl2SiO6
  Ca2Al2O5:8H2O   -14.76     44.81   59.57  Ca2Al2O5:8H2O
  Ca2Cl2(OH)2:H2O -24.44      1.85   26.29  Ca2Cl2(OH)2:H2O
  Ca3Al2O6        -55.03     58.00  113.03  Ca3Al2O6
  Ca4Al2Fe2O10    -62.13     78.35  140.48  Ca4Al2Fe2O10
  Ca4Al2O7:13H2O  -36.07     71.19  107.25  Ca4Al2O7:13H2O
  Ca4Al2O7:19H2O  -32.49     71.19  103.68  Ca4Al2O7:19H2O
  Ca4Cl2(OH)6:13H2O -40.10     28.23   68.33  Ca4Cl2(OH)6:13H2O
  CaAl2O4         -15.28     31.62   46.91  CaAl2O4
  CaAl2O4:10H2O    -6.37     31.62   37.99  CaAl2O4:10H2O
  CaAl4O7         -18.53     50.06   68.59  CaAl4O7
  Calcite           0.54      2.36    1.82  CaCO3
  Carnallite      -24.37    -20.10    4.27  KMgCl3:6H2O
  CaSO4:0.5H2O(beta)  -3.65     -7.18   -3.54  CaSO4:0.5H2O
  CaUO4             1.15     17.08   15.94  CaUO4
  Celadonite        5.43     12.74    7.31  KMgAlSi4O10(OH)2
  CH4(g)          -32.17    -35.01   -2.84  CH4
  Chalcedony        0.46     -3.29   -3.76  SiO2
  Chamosite-7A      2.56     35.32   32.76  Fe2Al2SiO5(OH)4
  Chloromagnesite -33.55    -11.73   21.82  MgCl2
  Chrysotile        0.76     31.79   31.03  Mg3Si2O5(OH)4
  Cl2(g)          -57.50    -54.50    2.99  Cl2
  Clinochlore-14A   5.47     72.52   67.05  Mg5Al2Si3O10(OH)8
  Clinochlore-7A    2.10     72.52   70.42  Mg5Al2Si3O10(OH)8
  Clinoptilolite-Ca  14.38      6.87   -7.52  Ca1.7335Al3.45Fe.017Si14.533O36:10.922H2O
  Clinoptilolite-dehy-Ca -21.27      6.87   28.14  Ca1.7335Al3.45Fe.017Si14.533O36
  Clinoptilolite-dehy-K -26.69     -2.48   24.20  K3.467Al3.45Fe.017Si14.533O36
  Clinoptilolite-dehy-Na -26.59      1.42   28.01  Na3.467Al3.45Fe.017Si14.533O36
  Clinoptilolite-hy-Ca  14.38      6.87   -7.52  Ca1.7335Al3.45Fe.017Si14.533O36:11.645H2O
  Clinoptilolite-hy-K   8.97     -2.48  -11.45  K3.467Al3.45Fe.017Si14.533O36:7.499H2O
  Clinoptilolite-hy-Na   9.06      1.42   -7.65  Na3.467Al3.45Fe.017Si14.533O36:10.877H2O
  Clinoptilolite-K   8.97     -2.48  -11.45  K3.467Al3.45Fe.017Si14.533O36:10.922H2O
  Clinoptilolite-Na   9.06      1.42   -7.64  Na3.467Al3.45Fe.017Si14.533O36:10.922H2O
  Clinozoisite      1.05     44.15   43.10  Ca2Al3Si3O12(OH)
  CO(g)           -19.53    -22.52   -3.00  CO
  CO2(g)           -3.00    -10.83   -7.83  CO2
  Coesite          -0.07     -3.29   -3.22  SiO2
  Cordierite_anhyd  -6.08     45.99   52.07  Mg2Al4Si5O18
  Cordierite_hydr  -3.60     45.99   49.59  Mg2Al4Si5O18:H2O
  Corundum          0.14     18.43   18.29  Al2O3
  Cristobalite(alpha)   0.18     -3.29   -3.48  SiO2
  Cristobalite(beta)  -0.26     -3.29   -3.03  SiO2
  Cronstedtite-7A   7.87     24.05   16.18  Fe2Fe2SiO5(OH)4
  Daphnite-14A      6.90     59.00   52.10  Fe5AlAlSi3O10(OH)8
  Daphnite-7A       3.52     59.00   55.48  Fe5AlAlSi3O10(OH)8
  Dawsonite        -0.93      3.41    4.34  NaAlCO3(OH)2
  Diaspore          2.07      9.22    7.15  AlHO2
  Dicalcium_silicate -14.04     23.08   37.13  Ca2SiO4
  Diopside         -1.49     19.40   20.89  CaMgSi2O6
  Dolomite          1.85      4.32    2.47  CaMg(CO3)2
  Dolomite-dis      0.31      4.32    4.01  CaMg(CO3)2
  Dolomite-ord      1.86      4.32    2.46  CaMg(CO3)2
  Enstatite        -1.79      9.50   11.29  MgSiO3
  Epidote           5.74     38.51   32.77  Ca2FeAl2Si3O12OH
  Epidote-ord       5.75     38.51   32.76  FeCa2Al2(OH)(SiO4)3
  Epsomite         -5.62     -7.58   -1.96  MgSO4:7H2O
  Ettringite      -26.01     36.45   62.46  Ca6Al2(SO4)3(OH)12:26H2O
  Fayalite         -2.18     16.88   19.06  Fe2SiO4
  Fe              -18.95     40.07   59.02  Fe
  Fe(OH)2          -3.81     10.09   13.89  Fe(OH)2
  Fe(OH)3          -2.06      3.58    5.64  Fe(OH)3
  Fe2(SO4)3       -57.00    -53.95    3.05  Fe2(SO4)3
  FeO              -3.43     10.09   13.52  FeO
  Ferrite-Ca       -1.15     20.35   21.50  CaFe2O4
  Ferrite-Dicalcium -23.26     33.54   56.80  Ca2Fe2O5
  Ferrite-Mg       -1.07     19.95   21.02  MgFe2O4
  Ferrosilite      -0.61      6.80    7.41  FeSiO3
  FeSO4           -12.89    -10.28    2.61  FeSO4
  Forsterite       -5.52     22.29   27.81  Mg2SiO4
  Foshagite       -22.92     42.88   65.80  Ca4Si3O9(OH)2:0.5H2O
  Gaylussite       -9.59      1.58   11.16  CaNa2(CO3)2:5H2O
  Gehlenite       -14.70     41.52   56.22  Ca2Al2SiO7
  Gibbsite          1.48      9.22    7.74  Al(OH)3
  Gismondine        8.36     50.07   41.72  Ca2Al4Si4O16:9H2O
  Glauberite      -12.04    -17.51   -5.47  Na2Ca(SO4)2
  Goethite          3.05      3.58    0.53  FeOOH
  Greenalite        1.10     23.68   22.58  Fe3Si2O5(OH)4
  Grossular        -3.66     48.12   51.78  Ca3Al2(SiO4)3
  Gypsum           -2.65     -7.18   -4.53  CaSO4:2H2O
  Gyrolite         -6.30     16.50   22.80  Ca2Si3O7(OH)2:1.5H2O
  H2(g)           -13.02    -16.12   -3.10  H2
  H2O(g)           -1.59     -0.00    1.59  H2O
  H2S(g)          -30.75    -38.74   -7.99  H2S
  Haiweeite         8.26      1.22   -7.04  Ca(UO2)2(Si2O5)3:5H2O
  Halite           -8.80     -7.24    1.56  NaCl
  Hatrurite       -37.08     36.27   73.35  Ca3SiO5
  HCl(g)          -18.57    -12.26    6.30  HCl
  Hedenbergite     -2.84     16.69   19.53  CaFe(SiO3)2
  Hematite          7.09      7.16    0.08  Fe2O3
  Hercynite        -0.28     28.52   28.80  FeAl2O4
  Hexahydrite      -5.85     -7.58   -1.73  MgSO4:6H2O
  Hillebrandite   -13.69     23.08   36.77  Ca2SiO3(OH)2:0.17H2O
  Huntite          -1.97      8.25   10.22  CaMg3(CO3)4
  Hydromagnesite  -10.09     20.65   30.74  Mg5(CO3)4(OH)2:4H2O
  Hydrophilite    -23.08    -11.34   11.75  CaCl2
  Ice              -0.14     -0.00    0.14  H2O
  Illite            6.33     15.21    8.88  K0.6Mg0.25Al1.8Al0.5Si3.5O10(OH)2
  Jadeite          -0.66      7.65    8.31  NaAl(SiO3)2
  Jarosite        -16.69    -26.10   -9.41  KFe3(SO4)2(OH)6
  Jarosite-Na     -19.53    -24.98   -5.45  NaFe3(SO4)2(OH)6
  K               -52.09     18.89   70.98  K
  K(g)            -62.69     18.89   81.58  K
  K-Feldspar        3.62      3.24   -0.38  KAlSi3O8
  K2CO3:1.5H2O    -16.41     -3.03   13.38  K2CO3:1.5H2O
  K2O             -76.24      7.80   84.04  K2O
  K2UO4           -22.18     11.69   33.87  K2UO4
  K3H(SO4)2       -25.43    -29.05   -3.62  K3H(SO4)2
  K8H4(CO3)6:3H2O -61.50    -33.79   27.71  K8H4(CO3)6:3H2O
  Kainite         -15.63    -15.94   -0.31  KMgClSO4:3H2O
  KAl(SO4)2       -30.90    -27.63    3.27  KAl(SO4)2
  Kalicinite       -7.21     -6.93    0.28  KHCO3
  Kalsilite        -1.03      9.82   10.85  KAlSiO4
  Kaolinite         5.13     11.85    6.72  Al2Si2O5(OH)4
  Katoite         -20.94     58.00   78.94  Ca3Al2H12O12
  Kieserite        -7.31     -7.58   -0.27  MgSO4:H2O
  KMgCl3          -41.35    -20.10   21.25  KMgCl3
  KMgCl3:2H2O     -34.06    -20.10   13.96  KMgCl3:2H2O
  KNaCO3:6H2O     -12.17     -1.91   10.26  KNaCO3:6H2O
  Kyanite          -0.47     15.14   15.61  Al2SiO5
  Lansfordite      -2.88      1.96    4.84  MgCO3:5H2O
  Larnite         -15.34     23.08   38.42  Ca2SiO4
  Laumontite        4.94     18.45   13.51  CaAl2Si4O12:4H2O
  Lawrencite      -23.49    -14.44    9.05  FeCl2
  Lawsonite         2.93     25.04   22.11  CaAl2Si2O7(OH)2:H2O
  Leonite         -16.04    -20.15   -4.11  K2Mg(SO4)2:4H2O
  Lime            -19.38     13.19   32.57  CaO
  Magnesite        -0.31      1.96    2.27  MgCO3
  Magnetite         6.83     17.25   10.42  Fe3O4
  Margarite         2.55     43.47   40.93  CaAl4Si2O10(OH)2
  Maximum_Microcline   3.62      3.24   -0.38  KAlSi3O8
  Mayenite       -206.84    287.31  494.15  Ca12Al14O33
  Melanterite      -7.88    -10.28   -2.40  FeSO4:7H2O
  Mercallite      -15.03    -16.47   -1.44  KHSO4
  Merwinite       -22.64     45.77   68.41  MgCa3(SiO4)2
  Mesolite          7.00     20.49   13.49  Na.676Ca.657Al1.99Si3.01O10:2.647H2O
  Mg              -79.75     42.77  122.52  Mg
  Mg(g)           -99.47     42.77  142.25  Mg
  Mg1.25SO4(OH)0.5:0.5H2O  -9.58     -4.38    5.20  Mg1.25SO4(OH)0.5:0.5H2O
  Mg1.5SO4(OH)    -10.39     -1.18    9.21  Mg1.5SO4(OH)
  MgCl2:2H2O      -24.47    -11.73   12.73  MgCl2:2H2O
  MgCl2:4H2O      -19.04    -11.73    7.30  MgCl2:4H2O
  MgCl2:H2O       -27.81    -11.73   16.07  MgCl2:H2O
  MgOHCl          -15.36      0.53   15.89  MgOHCl
  MgSO4           -12.41     -7.58    4.83  MgSO4
  MgUO4            -6.31     16.69   22.99  MgUO4
  Minnesotaite      3.26     17.09   13.83  Fe3Si4O10(OH)2
  Mirabilite       -9.17    -10.33   -1.15  Na2SO4:10H2O
  Misenite       -100.34   -111.42  -11.08  K8H6(SO4)7
  Molysite        -46.68    -33.21   13.47  FeCl3
  Monohydrocalcite  -0.32      2.36    2.68  CaCO3:H2O
  Monticellite     -6.84     22.69   29.53  CaMgSiO4
  Montmor-Ca        6.27      8.62    2.34  Ca.165Mg.33Al1.67Si4O10(OH)2
  Montmor-K         5.74      7.73    1.99  K.33Mg.33Al1.67Si4O10(OH)2
  Montmor-Mg        6.32      8.55    2.23  Mg.495Al1.67Si4O10(OH)2
  Montmor-Na        5.77      8.10    2.33  Na.33Mg.33Al1.67Si4O10(OH)2
  Mordenite         2.99     -2.37   -5.36  Ca.2895Na.361Al.94Si5.06O12:3.468H2O
  Mordenite-dehy  -12.13     -2.37    9.77  Ca.2895Na.361Al.94Si5.06O12
  Muscovite         8.22     21.67   13.45  KAl3Si3O10(OH)2
  Na              -47.36     20.01   67.37  Na
  Na(g)           -60.85     20.01   80.86  Na
  Na2CO3          -11.95     -0.78   11.16  Na2CO3
  Na2CO3:7H2O     -10.72     -0.78    9.94  Na2CO3:7H2O
  Na2O            -57.37     10.05   67.42  Na2O
  Na2SiO3         -15.45      6.75   22.20  Na2SiO3
  Na2U2O7          -4.76     17.83   22.59  Na2U2O7
  Na2UO4(alpha)   -16.08     13.94   30.02  Na2UO4
  Na3H(SO4)2      -24.78    -25.67   -0.89  Na3H(SO4)2
  Na4Ca(SO4)3:2H2O -21.94    -27.83   -5.89  Na4Ca(SO4)3:2H2O
  Na4SiO4         -53.80     16.80   70.60  Na4SiO4
  Na4UO2(CO3)3    -12.54     -8.50    4.04  Na4UO2(CO3)3
  Na6Si2O7        -77.98     23.55  101.53  Na6Si2O7
  NaFeO2          -11.28      8.60   19.88  NaFeO2
  Nahcolite        -5.66     -5.81   -0.14  NaHCO3
  Natrolite         0.21     18.60   18.39  Na2Al2Si3O10:2H2O
  Natron          -10.37     -0.78    9.59  Na2CO3:10H2O
  Natrosilite     -14.61      3.46   18.07  Na2Si2O5
  Nepheline        -2.80     10.95   13.75  NaAlSiO4
  Nesquehonite     -3.32      1.96    5.29  MgCO3:3H2O
  Nontronite-Ca    12.02      0.29  -11.73  Ca.165Fe2Al.33Si3.67H2O12
  Nontronite-H     10.81     -1.88  -12.69  H.33Fe2Al.33Si3.67H2O12
  Nontronite-K     11.42     -0.60  -12.01  K.33Fe2Al.33Si3.67H2O12
  Nontronite-Mg    12.00      0.23  -11.77  Mg.165Fe2Al.33Si3.67H2O12
  Nontronite-Na    11.45     -0.22  -11.68  Na.33Fe2Al.33Si3.67H2O12
  O2(g)           -57.06    -59.96   -2.89  O2
  Okenite          -3.71      6.60   10.31  CaSi2O4(OH)2:H2O
  Oxychloride-Mg  -12.51     13.32   25.83  Mg2Cl(OH)3:4H2O
  Paragonite        5.42     22.80   17.38  NaAl3Si3O10(OH)2
  Pargasite       -11.23     90.47  101.70  NaCa2Al3Mg4Si6O22(OH)2
  Pentahydrite     -6.19     -7.58   -1.39  MgSO4:5H2O
  Periclase        -8.53     12.79   21.33  MgO
  Phlogopite        4.32     41.61   37.30  KAlMg3Si3O10(OH)2
  Picromerite     -15.72    -20.15   -4.44  K2Mg(SO4)2:6H2O
  Pirssonite       -9.75      1.58   11.32  Na2Ca(CO3)2:2H2O
  Polyhalite      -20.21    -34.52  -14.31  K2MgCa2(SO4)4:2H2O
  Portlandite      -9.36     13.19   22.55  Ca(OH)2
  Prehnite          2.14     34.93   32.79  Ca2Al2Si3O10(OH)2
  Pseudowollastonite  -4.07      9.90   13.96  CaSiO3
  Pyrite          -38.11    -62.81  -24.70  FeS2
  Pyrophyllite      4.97      5.26    0.29  Al2Si4O10(OH)2
  Pyrrhotite      -24.92    -28.65   -3.74  FeS
  Quartz            0.73     -3.29   -4.03  SiO2
  Rankinite       -18.84     32.98   51.82  Ca3Si2O7
  Ripidolite-14A    6.33     67.11   60.78  Mg3Fe2Al2Si3O10(OH)8
  Ripidolite-7A     2.95     67.11   64.16  Mg3Fe2Al2Si3O10(OH)8
  Rutherfordine    -2.82     -6.94   -4.12  UO2CO3
  S               -23.61    -68.72  -45.11  S
  S2(g)           -61.11    -68.30   -7.19  S2
  Sanidine_high     2.42      3.24    0.82  KAlSi3O8
  Saponite-Ca       5.37     31.51   26.14  Ca.165Mg3Al.33Si3.67O10(OH)2
  Saponite-H        4.15     29.33   25.18  H.33Mg3Al.33Si3.67O10(OH)2
  Saponite-K        4.76     30.62   25.86  K.33Mg3Al.33Si3.67O10(OH)2
  Saponite-Mg       5.35     31.45   26.10  Mg3.165Al.33Si3.67O10(OH)2
  Saponite-Na       4.80     30.99   26.20  Na.33Mg3Al.33Si3.67O10(OH)2
  Schoepite        -0.94      3.89    4.83  UO3:2H2O
  Schoepite-dehy(.393)  -2.83      3.89    6.72  UO3:.393H2O
  Schoepite-dehy(.648)  -2.31      3.89    6.21  UO3:.648H2O
  Schoepite-dehy(.85)  -1.20      3.89    5.10  UO3:.85H2O
  Schoepite-dehy(.9)  -1.13      3.89    5.02  UO3:.9H2O
  Schoepite-dehy(1.0)  -1.21      3.89    5.10  UO3:H2O
  Scolecite         6.00     21.74   15.75  CaAl2Si3O10:3H2O
  Sepiolite         1.19     31.41   30.22  Mg4Si6O15(OH)2:6H2O
  Si              -92.20     56.66  148.86  Si
  Si(g)          -163.28     56.66  219.94  Si
  Siderite         -0.52     -0.74   -0.22  FeCO3
  Sillimanite      -1.10     15.14   16.24  Al2SiO5
  SiO2(am)         -0.55     -3.29   -2.74  SiO2
  Sklodowskite      0.20     13.99   13.79  Mg(H3O)2(UO2)2(SiO4)2:4H2O
  Smectite-high-Fe-Mg   4.81     22.08   17.27  Ca.025Na.1K.2Fe.5Fe.2Mg1.15Al1.25Si3.5H2O12
  Smectite-low-Fe-Mg   5.09     15.98   10.89  Ca.02Na.15K.2Fe.29Fe.16Mg.9Al1.25Si3.75H2O12
  SO2(g)          -28.07    -27.90    0.18  SO2
  Soddyite          4.10      4.49    0.39  (UO2)2SiO4:2H2O
  Spinel           -6.38     31.23   37.61  Al2MgO4
  Starkeyite       -6.58     -7.58   -1.00  MgSO4:4H2O
  Stilbite         10.97     11.78    0.81  Ca1.019Na.136K.006Al2.18Si6.82O18:7.33H2O
  Sylvite          -9.19     -8.37    0.83  KCl
  Syngenite       -12.16    -19.76   -7.60  K2Ca(SO4)2:H2O
  Tachyhydrite    -51.95    -34.81   17.14  Mg2CaCl6:12H2O
  Talc              4.22     25.21   20.99  Mg3Si4O10(OH)2
  Thenardite       -9.97    -10.33   -0.36  Na2SO4
  Thermonatrite   -11.72     -0.78   10.94  Na2CO3:H2O
  Tobermorite-11A -19.20     46.18   65.39  Ca5Si6H11O22.5
  Tobermorite-14A -17.43     46.18   63.61  Ca5Si6H21O27.5
  Tobermorite-9A  -22.67     46.18   68.86  Ca5Si6H6O20
  Tremolite         3.07     64.00   60.93  Ca2Mg5Si8O22(OH)2
  Tridymite         0.55     -3.29   -3.84  SiO2
  Troilite        -24.81    -28.65   -3.84  FeS
  Trona-K         -20.43     -8.84   11.59  K2NaH(CO3)2:2H2O
  U              -118.94     93.83  212.77  U
  U(g)           -204.50     93.83  298.32  U
  UCl2(g)        -144.42     39.32  183.74  UCl2
  UCl6           -127.18    -69.69   57.50  UCl6
  UCl6(g)        -133.06    -69.69   63.37  UCl6
  UO(g)          -147.80     63.85  211.65  UO
  UO2(g)          -91.72     33.87  125.60  UO2
  UO2(OH)2(beta)   -1.06      3.89    4.95  UO2(OH)2
  UO2Cl2          -32.74    -20.63   12.11  UO2Cl2
  UO2Cl2(g)       -68.57    -20.63   47.93  UO2Cl2
  UO2Cl2:3H2O     -26.24    -20.63    5.61  UO2Cl2:3H2O
  UO2Cl2:H2O      -28.92    -20.63    8.28  UO2Cl2:H2O
  UO2ClOH:2H2O    -10.67     -8.37    2.30  UO2ClOH:2H2O
  UO2CO3           -2.81     -6.94   -4.13  UO2CO3
  UO2SO3          -17.13    -33.12  -15.99  UO2SO3
  UO2SO4          -18.41    -16.48    1.93  UO2SO4
  UO2SO4:2.5H2O   -14.98    -16.48   -1.50  UO2SO4:2.5H2O
  UO2SO4:3.5H2O   -14.99    -16.48   -1.49  UO2SO4:3.5H2O
  UO2SO4:3H2O     -15.07    -16.48   -1.41  UO2SO4:3H2O
  UO2SO4:H2O      -10.41    -16.48   -6.07  UO2SO4:H2O
  UO3(alpha)       -4.75      3.89    8.64  UO3
  UO3(beta)        -4.42      3.89    8.31  UO3
  UO3(g)          -67.06      3.89   70.95  UO3
  UO3(gamma)       -3.82      3.89    7.71  UO3
  UO3:.9H2O(alpha)  -1.13      3.89    5.02  UO3:.9H2O
  UO3:2H2O         -0.94      3.89    4.84  UO3:2H2O
  Uranophane       -2.90     14.39   17.29  Ca(UO2)2(SiO3)2(OH)2
  US3             -95.65   -112.34  -16.69  US3
  Wairakite         0.53     18.45   17.92  CaAl2Si4O10(OH)4
  Weeksite        -19.55     -4.18   15.38  K2(UO2)2(Si2O5)3:4H2O
  Wollastonite     -3.83      9.90   13.72  CaSiO3
  Wustite          -3.54      8.86   12.40  Fe.947O
  Xonotlite       -32.37     59.37   91.74  Ca6Si6O17(OH)2
  Zoisite           1.01     44.15   43.14  Ca2Al3(SiO4)3OH

**For a gas, SI = log10(fugacity). Fugacity = pressure * phi / 1 atm.
  For ideal gases, phi = 1.

------------------
End of simulation.
------------------

------------------------------------
Reading input data for simulation 5.
------------------------------------

	PHASES 
	     Fix_H+ 
	     H+ = H+ 
	     log_k  0.0 		#pseudo-
	END 
------------------
End of simulation.
------------------

------------------------------------
Reading input data for simulation 6.
------------------------------------

	USE SURFACE 1
	USE SOLUTION 1
	EQUILIBRIUM_PHASES 1
		Fix_H+ -8.4140625 NaOH 11.0 			
	END
-----------------------------------------
Beginning of batch-reaction calculations.
-----------------------------------------

Reaction step 1.

Using solution 1.	SGW2
Using surface 1.	
Using pure phase assemblage 1.	

-------------------------------Phase assemblage--------------------------------

                                                      Moles in assemblage
Phase               SI  log IAP  log K(T, P)   Initial       Final       Delta

Fix_H+           -8.41    -8.41      0.00
	 NaOH               is reactant       1.100e+01   1.100e+01  -5.566e-05

------------------------------Surface composition------------------------------

Diffuse Double Layer Surface-Complexation Model

Surf          
	 -1.167e-07  Surface charge, eq
	 -2.573e-03  sigma, C/m²
	 -1.644e-02  psi, V
	  6.399e-01  -F*psi/RT
	  1.896e+00  exp(-F*psi/RT)
	  3.500e-01  specific area, m²/g
	  4.375e+00  m² for   1.250e+01 g


Surf_         
	  1.678e-05  moles
	                                   Mole                     Log
	Species               Moles    Fraction    Molality    Molality

	Surf_OH           1.279e-05       0.762   1.279e-05      -4.893
	Surf_O-           2.055e-06       0.122   2.055e-06      -5.687
	Surf_OH2+         1.822e-06       0.109   1.822e-06      -5.739
	Surf_OUO2+        1.164e-07       0.007   1.164e-07      -6.934

-----------------------------Solution composition------------------------------

	Elements           Molality       Moles

	Al                3.707e-06   3.707e-06
	C                 2.722e-03   2.722e-03
	Ca                8.636e-04   8.636e-04
	Cl                9.311e-05   9.311e-05
	Fe                1.791e-06   1.791e-06
	K                 5.373e-05   5.373e-05
	Mg                3.416e-04   3.416e-04
	Na                7.736e-04   7.736e-04
	S                 1.598e-04   1.598e-04
	Si                5.195e-04   5.195e-04
	U                 3.264e-05   3.264e-05

----------------------------Description of solution----------------------------

                                       pH  =   8.414      Charge balance
                                       pe  =  -0.695      Adjusted to redox equilibrium
                        Activity of water  =   1.000
                 Ionic strength (mol/kgw)  =   4.534e-03
                       Mass of water (kg)  =   1.000e+00
                 Total alkalinity (eq/kg)  =   2.905e-03
                       Total CO2 (mol/kg)  =   2.722e-03
                         Temperature (°C)  =  25.00
                  Electrical balance (eq)  =   1.166e-07
 Percent error, 100*(Cat-|An|)/(Cat+|An|)  =   0.00
                               Iterations  =   9
                                  Total H  = 1.110533e+02
                                  Total O  = 5.553528e+01

----------------------------Distribution of species----------------------------

                                               Log       Log       Log    mole V
   Species          Molality    Activity  Molality  Activity     Gamma    cm³/mol

   OH-             2.689e-06   2.500e-06    -5.570    -5.602    -0.032     (0)  
   H+              4.116e-09   3.854e-09    -8.386    -8.414    -0.029      0.00
   H2O             5.553e+01   9.999e-01     1.744    -0.000     0.000     (0)  
Al            3.707e-06
   AlO2-           3.668e-06   3.412e-06    -5.436    -5.467    -0.031     (0)  
   HAlO2           3.839e-08   3.839e-08    -7.416    -7.416     0.000     (0)  
   NaAlO2          4.662e-10   4.662e-10    -9.331    -9.331     0.000     (0)  
   Al(OH)2+        1.093e-10   1.017e-10    -9.961    -9.993    -0.031     (0)  
   AlOH+2          2.251e-13   1.688e-13   -12.648   -12.773    -0.125     (0)  
   Al+3            1.052e-16   5.807e-17   -15.978   -16.236    -0.258     (0)  
   AlSO4+          6.822e-18   6.345e-18   -17.166   -17.198    -0.031     (0)  
   Al(SO4)2-       5.654e-20   5.259e-20   -19.248   -19.279    -0.031     (0)  
   Al2(OH)2+4      1.435e-23   4.632e-24   -22.843   -23.334    -0.491     (0)  
   Al3(OH)4+5      6.721e-29   1.169e-29   -28.173   -28.932    -0.760     (0)  
   Al13O4(OH)24+7   8.704e-40   0.000e+00   -39.060   -40.550    -1.489     (0)  
C(-2)         0.000e+00
   C2H4            0.000e+00   0.000e+00  -111.155  -111.155     0.000     (0)  
C(-3)         0.000e+00
   C2H6            0.000e+00   0.000e+00   -79.261   -79.261     0.000     (0)  
C(-4)         0.000e+00
   CH4             0.000e+00   0.000e+00   -44.901   -44.901     0.000     (0)  
C(2)          6.901e-26
   CO              6.901e-26   6.901e-26   -25.161   -25.161     0.000     (0)  
C(4)          2.722e-03
   HCO3-           2.506e-03   2.331e-03    -2.601    -2.632    -0.031     (0)  
   CaCO3           3.755e-05   3.755e-05    -4.425    -4.425     0.000     (0)  
   CO3-2           3.579e-05   2.683e-05    -4.446    -4.571    -0.125     (0)  
   UO2(CO3)3-4     2.317e-05   7.227e-06    -4.635    -5.141    -0.506     (0)  
   CO2             2.082e-05   2.084e-05    -4.682    -4.681     0.000     (0)  
   CaHCO3+         1.793e-05   1.668e-05    -4.746    -4.778    -0.031     (0)  
   UO2(CO3)2-2     8.008e-06   5.987e-06    -5.096    -5.223    -0.126     (0)  
   MgHCO3+         7.128e-06   6.630e-06    -5.147    -5.178    -0.031     (0)  
   MgCO3           6.951e-06   6.951e-06    -5.158    -5.158     0.000     (0)  
   NaHCO3          2.388e-06   2.388e-06    -5.622    -5.622     0.000     (0)  
   FeCO3           5.892e-07   5.892e-07    -6.230    -6.230     0.000     (0)  
   FeHCO3+         5.087e-07   4.731e-07    -6.294    -6.325    -0.031     (0)  
   (UO2)2CO3(OH)3-   5.044e-07   4.692e-07    -6.297    -6.329    -0.031     (0)  
   NaCO3-          7.229e-08   6.724e-08    -7.141    -7.172    -0.031     (0)  
   UO2CO3          1.160e-08   1.160e-08    -7.936    -7.936     0.000     (0)  
   (UO2)3(CO3)6-6   4.203e-12   3.054e-13   -11.376   -12.515    -1.139     (0)  
   FeCO3+          1.247e-15   1.160e-15   -14.904   -14.935    -0.031     (0)  
   UO2(CO3)3-5     4.190e-17   6.786e-18   -16.378   -17.168    -0.791     (0)  
   (UO2)3(OH)5CO2+   1.744e-18   1.622e-18   -17.758   -17.790    -0.031     (0)  
   (UO2)3O(OH)2(HCO3)+   1.406e-18   1.308e-18   -17.852   -17.883    -0.031     (0)  
   U(CO3)4-4       1.253e-19   3.908e-20   -18.902   -19.408    -0.506     (0)  
   U(CO3)5-6       1.192e-24   8.664e-26   -23.924   -25.062    -1.139     (0)  
   (UO2)11(CO3)6(OH)12-2   2.176e-34   1.627e-34   -33.662   -33.789    -0.126     (0)  
Ca            8.636e-04
   Ca+2            7.986e-04   6.039e-04    -3.098    -3.219    -0.121     (0)  
   CaCO3           3.755e-05   3.755e-05    -4.425    -4.425     0.000     (0)  
   CaHCO3+         1.793e-05   1.668e-05    -4.746    -4.778    -0.031     (0)  
   CaSO4           9.419e-06   9.419e-06    -5.026    -5.026     0.000     (0)  
   CaOH+           2.379e-08   2.213e-08    -7.624    -7.655    -0.031     (0)  
   CaCl+           1.189e-08   1.106e-08    -7.925    -7.956    -0.031     (0)  
   CaCl2           1.125e-12   1.125e-12   -11.949   -11.949     0.000     (0)  
Cl(-1)        9.311e-05
   Cl-             9.307e-05   8.644e-05    -4.031    -4.063    -0.032     (0)  
   MgCl+           1.777e-08   1.653e-08    -7.750    -7.782    -0.031     (0)  
   CaCl+           1.189e-08   1.106e-08    -7.925    -7.956    -0.031     (0)  
   NaCl            1.088e-08   1.088e-08    -7.963    -7.963     0.000     (0)  
   KCl             1.447e-10   1.447e-10    -9.840    -9.840     0.000     (0)  
   FeCl+           2.618e-11   2.435e-11   -10.582   -10.613    -0.031     (0)  
   CaCl2           1.125e-12   1.125e-12   -11.949   -11.949     0.000     (0)  
   HCl             7.483e-14   7.483e-14   -13.126   -13.126     0.000     (0)  
   UO2Cl+          1.191e-17   1.108e-17   -16.924   -16.955    -0.031     (0)  
   FeCl2           1.130e-17   1.130e-17   -16.947   -16.947     0.000     (0)  
   UO2Cl2          4.902e-23   4.902e-23   -22.310   -22.310     0.000     (0)  
   FeCl4-2         3.262e-25   2.439e-25   -24.486   -24.613    -0.126     (0)  
   FeCl+2          1.438e-25   1.078e-25   -24.842   -24.967    -0.125     (0)  
   FeCl2+          8.113e-27   7.546e-27   -26.091   -26.122    -0.031     (0)  
   FeCl4-          7.287e-38   6.778e-38   -37.137   -37.169    -0.031     (0)  
   UCl+3           4.487e-39   2.361e-39   -38.348   -38.627    -0.279     (0)  
Cl(1)         0.000e+00
   ClO-            0.000e+00   0.000e+00   -46.702   -46.733    -0.031     (0)  
   HClO            0.000e+00   0.000e+00   -47.578   -47.578     0.000     (0)  
Cl(3)         0.000e+00
   ClO2-           0.000e+00   0.000e+00   -82.267   -82.298    -0.031     (0)  
   HClO2           0.000e+00   0.000e+00   -87.542   -87.542     0.000     (0)  
Cl(5)         0.000e+00
   ClO3-           0.000e+00   0.000e+00  -103.979  -104.011    -0.032     (0)  
   UO2ClO3+        0.000e+00   0.000e+00  -116.538  -116.570    -0.031     (0)  
Cl(7)         0.000e+00
   ClO4-           0.000e+00   0.000e+00  -129.993  -130.025    -0.032     (0)  
Fe(2)         1.650e-06
   FeCO3           5.892e-07   5.892e-07    -6.230    -6.230     0.000     (0)  
   Fe+2            5.115e-07   3.868e-07    -6.291    -6.413    -0.121     (0)  
   FeHCO3+         5.087e-07   4.731e-07    -6.294    -6.325    -0.031     (0)  
   FeOH+           3.411e-08   3.173e-08    -7.467    -7.499    -0.031     (0)  
   FeSO4           6.545e-09   6.545e-09    -8.184    -8.184     0.000     (0)  
   Fe(OH)2         6.539e-11   6.539e-11   -10.185   -10.185     0.000     (0)  
   FeCl+           2.618e-11   2.435e-11   -10.582   -10.613    -0.031     (0)  
   Fe(OH)3-        7.260e-13   6.753e-13   -12.139   -12.170    -0.031     (0)  
   FeCl2           1.130e-17   1.130e-17   -16.947   -16.947     0.000     (0)  
   Fe(OH)4-2       2.344e-19   1.752e-19   -18.630   -18.756    -0.126     (0)  
   FeCl4-2         3.262e-25   2.439e-25   -24.486   -24.613    -0.126     (0)  
Fe(3)         1.410e-07
   Fe(OH)3         1.307e-07   1.307e-07    -6.884    -6.884     0.000     (0)  
   Fe(OH)4-        9.159e-09   8.519e-09    -8.038    -8.070    -0.031     (0)  
   Fe(OH)2+        1.158e-09   1.077e-09    -8.936    -8.968    -0.031     (0)  
   FeOH+2          1.673e-14   1.254e-14   -13.777   -13.902    -0.125     (0)  
   FeCO3+          1.247e-15   1.160e-15   -14.904   -14.935    -0.031     (0)  
   Fe+3            1.357e-20   7.487e-21   -19.867   -20.126    -0.258     (0)  
   FeSO4+          8.316e-23   7.735e-23   -22.080   -22.112    -0.031     (0)  
   Fe(SO4)2-       1.501e-25   1.396e-25   -24.824   -24.855    -0.031     (0)  
   FeCl+2          1.438e-25   1.078e-25   -24.842   -24.967    -0.125     (0)  
   Fe2(OH)2+4      1.311e-26   4.233e-27   -25.882   -26.373    -0.491     (0)  
   FeCl2+          8.113e-27   7.546e-27   -26.091   -26.122    -0.031     (0)  
   Fe3(OH)4+5      5.480e-33   9.529e-34   -32.261   -33.021    -0.760     (0)  
   FeCl4-          7.287e-38   6.778e-38   -37.137   -37.169    -0.031     (0)  
H(0)          5.777e-19
   H2              2.888e-19   2.892e-19   -18.539   -18.539     0.000     (0)  
K             5.373e-05
   K+              5.368e-05   4.986e-05    -4.270    -4.302    -0.032     (0)  
   KSO4-           4.619e-08   4.297e-08    -7.335    -7.367    -0.031     (0)  
   KCl             1.447e-10   1.447e-10    -9.840    -9.840     0.000     (0)  
   KOH             4.485e-11   4.485e-11   -10.348   -10.348     0.000     (0)  
   KHSO4           1.461e-16   1.461e-16   -15.835   -15.835     0.000     (0)  
Mg            3.416e-04
   Mg+2            3.205e-04   2.449e-04    -3.494    -3.611    -0.117     (0)  
   MgHCO3+         7.128e-06   6.630e-06    -5.147    -5.178    -0.031     (0)  
   MgSO4           6.984e-06   6.984e-06    -5.156    -5.156     0.000     (0)  
   MgCO3           6.951e-06   6.951e-06    -5.158    -5.158     0.000     (0)  
   MgCl+           1.777e-08   1.653e-08    -7.750    -7.782    -0.031     (0)  
   Mg4(OH)4+4      8.977e-21   2.898e-21   -20.047   -20.538    -0.491     (0)  
Na            7.736e-04
   Na+             7.701e-04   7.163e-04    -3.113    -3.145    -0.031     (0)  
   NaHCO3          2.388e-06   2.388e-06    -5.622    -5.622     0.000     (0)  
   NaSO4-          5.433e-07   5.053e-07    -6.265    -6.296    -0.031     (0)  
   NaHSiO3         5.030e-07   5.030e-07    -6.298    -6.298     0.000     (0)  
   NaCO3-          7.229e-08   6.724e-08    -7.141    -7.172    -0.031     (0)  
   NaCl            1.088e-08   1.088e-08    -7.963    -7.963     0.000     (0)  
   NaAlO2          4.662e-10   4.662e-10    -9.331    -9.331     0.000     (0)  
   NaOH            3.089e-10   3.089e-10    -9.510    -9.510     0.000     (0)  
O(0)          0.000e+00
   O2              0.000e+00   0.000e+00   -55.119   -55.118     0.000     (0)  
S(-2)         0.000e+00
   HS-             0.000e+00   0.000e+00   -40.400   -40.431    -0.032     (0)  
   H2S             0.000e+00   0.000e+00   -41.836   -41.836     0.000     (0)  
   S-2             0.000e+00   0.000e+00   -44.820   -44.943    -0.124     (0)  
   S2-2            0.000e+00   0.000e+00   -75.038   -75.165    -0.126     (0)  
   S3-2            0.000e+00   0.000e+00  -105.301  -105.427    -0.126     (0)  
   S4-2            0.000e+00   0.000e+00  -135.790  -135.916    -0.126     (0)  
   S5-2            0.000e+00   0.000e+00  -166.496  -166.623    -0.126     (0)  
S(2)          0.000e+00
   S2O3-2          0.000e+00   0.000e+00   -47.882   -48.008    -0.126     (0)  
   HS2O3-          0.000e+00   0.000e+00   -55.377   -55.408    -0.031     (0)  
   UO2S2O3         0.000e+00   0.000e+00   -58.849   -58.849     0.000     (0)  
S(3)          0.000e+00
   S2O4-2          0.000e+00   0.000e+00   -60.372   -60.496    -0.124     (0)  
S(4)          1.310e-23
   SO3-2           1.244e-23   9.328e-24   -22.905   -23.030    -0.125     (0)  
   HSO3-           6.588e-25   6.128e-25   -24.181   -24.213    -0.031     (0)  
   UO2SO3          4.553e-30   4.553e-30   -29.342   -29.342     0.000     (0)  
   H2SO3           2.264e-31   2.264e-31   -30.645   -30.645     0.000     (0)  
   SO2             1.797e-31   1.797e-31   -30.745   -30.745     0.000     (0)  
   S2O6-2          0.000e+00   0.000e+00   -48.454   -48.581    -0.126     (0)  
   UO2(SO3)2-2     0.000e+00   0.000e+00   -51.089   -51.215    -0.126     (0)  
   S3O6-2          0.000e+00   0.000e+00   -81.199   -81.326    -0.126     (0)  
   S4O6-2          0.000e+00   0.000e+00   -98.039   -98.165    -0.126     (0)  
   S5O6-2          0.000e+00   0.000e+00  -143.758  -143.884    -0.126     (0)  
S(5)          0.000e+00
   S2O5-2          0.000e+00   0.000e+00   -53.129   -53.255    -0.126     (0)  
S(6)          1.598e-04
   SO4-2           1.428e-04   1.068e-04    -3.845    -3.972    -0.126     (0)  
   CaSO4           9.419e-06   9.419e-06    -5.026    -5.026     0.000     (0)  
   MgSO4           6.984e-06   6.984e-06    -5.156    -5.156     0.000     (0)  
   NaSO4-          5.433e-07   5.053e-07    -6.265    -6.296    -0.031     (0)  
   KSO4-           4.619e-08   4.297e-08    -7.335    -7.367    -0.031     (0)  
   FeSO4           6.545e-09   6.545e-09    -8.184    -8.184     0.000     (0)  
   HSO4-           4.469e-11   4.157e-11   -10.350   -10.381    -0.031     (0)  
   UO2SO4          1.118e-14   1.118e-14   -13.951   -13.951     0.000     (0)  
   KHSO4           1.461e-16   1.461e-16   -15.835   -15.835     0.000     (0)  
   UO2(SO4)2-2     1.416e-17   1.058e-17   -16.849   -16.975    -0.126     (0)  
   AlSO4+          6.822e-18   6.345e-18   -17.166   -17.198    -0.031     (0)  
   Al(SO4)2-       5.654e-20   5.259e-20   -19.248   -19.279    -0.031     (0)  
   H2SO4           1.512e-22   1.512e-22   -21.821   -21.821     0.000     (0)  
   FeSO4+          8.316e-23   7.735e-23   -22.080   -22.112    -0.031     (0)  
   Fe(SO4)2-       1.501e-25   1.396e-25   -24.824   -24.855    -0.031     (0)  
   USO4+2          2.554e-34   1.915e-34   -33.593   -33.718    -0.125     (0)  
   U(SO4)2         1.413e-34   1.413e-34   -33.850   -33.850     0.000     (0)  
S(7)          0.000e+00
   S2O8-2          0.000e+00   0.000e+00   -74.659   -74.785    -0.126     (0)  
S(8)          0.000e+00
   HSO5-           0.000e+00   0.000e+00   -57.174   -57.205    -0.031     (0)  
Si            5.195e-04
   SiO2            5.030e-04   5.030e-04    -3.298    -3.298     0.000     (0)  
   HSiO3-          1.602e-05   1.490e-05    -4.795    -4.827    -0.031     (0)  
   NaHSiO3         5.030e-07   5.030e-07    -6.298    -6.298     0.000     (0)  
   H2SiO4-2        4.965e-10   3.712e-10    -9.304    -9.430    -0.126     (0)  
   H6(H2SiO4)4-2   1.319e-10   9.864e-11    -9.880   -10.006    -0.126     (0)  
   H4(H2SiO4)4-4   1.067e-15   3.328e-16   -14.972   -15.478    -0.506     (0)  
U(3)          0.000e+00
   U+3             0.000e+00   0.000e+00   -44.657   -44.936    -0.279     (0)  
U(4)          6.851e-08
   U(OH)4          6.851e-08   6.851e-08    -7.164    -7.164     0.000     (0)  
   U(CO3)4-4       1.253e-19   3.908e-20   -18.902   -19.408    -0.506     (0)  
   U(CO3)5-6       1.192e-24   8.664e-26   -23.924   -25.062    -1.139     (0)  
   UOH+3           7.345e-29   3.865e-29   -28.134   -28.413    -0.279     (0)  
   USO4+2          2.554e-34   1.915e-34   -33.593   -33.718    -0.125     (0)  
   U(SO4)2         1.413e-34   1.413e-34   -33.850   -33.850     0.000     (0)  
   U+4             1.622e-36   5.236e-37   -35.790   -36.281    -0.491     (0)  
   UCl+3           4.487e-39   2.361e-39   -38.348   -38.627    -0.279     (0)  
U(5)          1.388e-11
   UO2+            1.388e-11   1.291e-11   -10.858   -10.889    -0.031     (0)  
   UO2(CO3)3-5     4.190e-17   6.786e-18   -16.378   -17.168    -0.791     (0)  
U(6)          3.258e-05
   UO2(CO3)3-4     2.317e-05   7.227e-06    -4.635    -5.141    -0.506     (0)  
   UO2(CO3)2-2     8.008e-06   5.987e-06    -5.096    -5.223    -0.126     (0)  
   (UO2)2CO3(OH)3-   5.044e-07   4.692e-07    -6.297    -6.329    -0.031     (0)  
   UO2(OH)2        2.810e-07   2.810e-07    -6.551    -6.551     0.000     (0)  
   UO2(OH)3-       9.705e-08   9.027e-08    -7.013    -7.044    -0.031     (0)  
   UO2CO3          1.160e-08   1.160e-08    -7.936    -7.936     0.000     (0)  
   UO2OH+          1.487e-10   1.383e-10    -9.828    -9.859    -0.031     (0)  
   (UO2)3(OH)7-    4.838e-12   4.500e-12   -11.315   -11.347    -0.031     (0)  
   (UO2)3(CO3)6-6   4.203e-12   3.054e-13   -11.376   -12.515    -1.139     (0)  
   UO2(OH)4-2      4.882e-13   3.650e-13   -12.311   -12.438    -0.126     (0)  
   (UO2)3(OH)5+    2.059e-13   1.915e-13   -12.686   -12.718    -0.031     (0)  
   UO2+2           1.149e-13   8.616e-14   -12.940   -13.065    -0.125     (0)  
   UO2SO4          1.118e-14   1.118e-14   -13.951   -13.951     0.000     (0)  
   (UO2)2(OH)2+2   1.549e-15   1.162e-15   -14.810   -14.935    -0.125     (0)  
   (UO2)4(OH)7+    5.248e-16   4.881e-16   -15.280   -15.311    -0.031     (0)  
   UO2(SO4)2-2     1.416e-17   1.058e-17   -16.849   -16.975    -0.126     (0)  
   UO2Cl+          1.191e-17   1.108e-17   -16.924   -16.955    -0.031     (0)  
   (UO2)3(OH)4+2   4.550e-18   3.412e-18   -17.342   -17.467    -0.125     (0)  
   (UO2)3(OH)5CO2+   1.744e-18   1.622e-18   -17.758   -17.790    -0.031     (0)  
   (UO2)3O(OH)2(HCO3)+   1.406e-18   1.308e-18   -17.852   -17.883    -0.031     (0)  
   (UO2)2OH+3      7.182e-21   3.779e-21   -20.144   -20.423    -0.279     (0)  
   UO2Cl2          4.902e-23   4.902e-23   -22.310   -22.310     0.000     (0)  
   UO2SO3          4.553e-30   4.553e-30   -29.342   -29.342     0.000     (0)  
   (UO2)11(CO3)6(OH)12-2   2.176e-34   1.627e-34   -33.662   -33.789    -0.126     (0)  
   UO2(SO3)2-2     0.000e+00   0.000e+00   -51.089   -51.215    -0.126     (0)  
   UO2S2O3         0.000e+00   0.000e+00   -58.849   -58.849     0.000     (0)  
   UO2ClO3+        0.000e+00   0.000e+00  -116.538  -116.570    -0.031     (0)  

------------------------------Saturation indices-------------------------------

  Phase               SI** log IAP   log K(298 K,   1 atm)

  (UO2)2Cl3       -48.82    -36.14   12.68  (UO2)2Cl3
  Afwillite       -25.73     34.23   59.96  Ca3Si2O4(OH)6
  Akermanite      -11.39     33.84   45.23  Ca2MgSi2O7
  Al              -99.57     50.34  149.91  Al
  Al(g)          -150.27     50.34  200.62  Al
  Al2(SO4)3       -63.29    -44.39   18.90  Al2(SO4)3
  Al2(SO4)3:6H2O  -45.94    -44.39    1.56  Al2(SO4)3:6H2O
  Albite            1.72      4.38    2.66  NaAlSi3O8
  Albite_high       0.40      4.38    3.98  NaAlSi3O8
  Albite_low        1.72      4.38    2.66  NaAlSi3O8
  Alum-K          -23.51    -28.48   -4.97  KAl(SO4)2:12H2O
  Alunite         -10.00    -10.47   -0.47  KAl3(OH)6(SO4)2
  Amesite-14A       7.02     82.30   75.27  Mg4Al4Si2O10(OH)8
  Analcime          0.92      6.98    6.06  Na.96Al.96Si2.04O6:H2O
  Analcime-dehy    -5.45      6.98   12.42  Na.96Al.96Si2.04O6
  Andalusite       -1.17     14.71   15.88  Al2SiO5
  Andradite         7.98     41.16   33.19  Ca3Fe2(SiO4)3
  Anhydrite        -2.84     -7.19   -4.35  CaSO4
  Annite            5.14     34.47   29.33  KFe3AlSi3O10(OH)2
  Anorthite        -1.45     25.02   26.48  CaAl2(SiO4)2
  Antarcticite    -15.44    -11.35    4.09  CaCl2:6H2O
  Anthophyllite    -0.35     66.13   66.48  Mg7Si8O22(OH)2
  Antigorite       46.64    522.27  475.63  Mg48Si34O85(OH)62
  Aphthitalite    -20.11    -23.99   -3.89  NaK3(SO4)2
  Aragonite         0.59      2.56    1.97  CaCO3
  Arcanite        -10.73    -12.58   -1.84  K2SO4
  Artinite         -4.24     15.39   19.63  Mg2CO3(OH)2:3H2O
  Bassanite        -3.48     -7.19   -3.71  CaSO4:0.5H2O
  Beidellite-Ca     5.68     11.12    5.44  Ca.165Al2.33Si3.67O10(OH)2
  Beidellite-H      4.39      8.88    4.49  H.33Al2.33Si3.67O10(OH)2
  Beidellite-K      5.07     10.24    5.16  K.33Al2.33Si3.67O10(OH)2
  Beidellite-Mg     5.65     11.06    5.41  Mg.165Al2.33Si3.67O10(OH)2
  Beidellite-Na     5.12     10.62    5.50  Na.33Al2.33Si3.67O10(OH)2
  Bischofite      -16.13    -11.74    4.39  MgCl2:6H2O
  Bloedite        -15.37    -17.84   -2.48  Na2Mg(SO4)2:4H2O
  Boehmite          1.46      9.01    7.55  AlO2H
  Boltwoodite     -10.31      4.58   14.89  K(H3O)(UO2)SiO4
  Boltwoodite-Na   -9.20      5.39   14.58  Na.7K.3(H3O)(UO2)SiO4:H2O
  Brucite          -3.07     13.22   16.28  Mg(OH)2
  Burkeite        -30.52    -21.03    9.49  Na6CO3(SO4)2
  C               -20.07     44.07   64.15  C
  C(g)           -137.69     44.07  181.77  C
  Ca              -98.66     41.17  139.83  Ca
  Ca(g)          -123.90     41.17  165.07  Ca
  Ca-Al_Pyroxene   -7.58     28.32   35.90  CaAl2SiO6
  Ca2Al2O5:8H2O   -14.34     45.23   59.57  Ca2Al2O5:8H2O
  Ca2Cl2(OH)2:H2O -24.03      2.26   26.29  Ca2Cl2(OH)2:H2O
  Ca3Al2O6        -54.19     58.84  113.03  Ca3Al2O6
  Ca4Al2Fe2O10    -57.80     82.68  140.48  Ca4Al2Fe2O10
  Ca4Al2O7:13H2O  -34.81     72.45  107.25  Ca4Al2O7:13H2O
  Ca4Al2O7:19H2O  -31.23     72.45  103.68  Ca4Al2O7:19H2O
  Ca4Cl2(OH)6:13H2O -38.85     29.48   68.33  Ca4Cl2(OH)6:13H2O
  CaAl2O4         -15.29     31.62   46.91  CaAl2O4
  CaAl2O4:10H2O    -6.37     31.62   37.99  CaAl2O4:10H2O
  CaAl4O7         -18.96     49.63   68.59  CaAl4O7
  Calcite           0.74      2.56    1.82  CaCO3
  Carnallite      -24.38    -20.10    4.27  KMgCl3:6H2O
  CaSO4:0.5H2O(beta)  -3.66     -7.19   -3.54  CaSO4:0.5H2O
  CaUO4             1.44     17.37   15.94  CaUO4
  Celadonite        5.83     13.14    7.31  KMgAlSi4O10(OH)2
  CH4(g)          -42.06    -44.90   -2.84  CH4
  Chalcedony        0.46     -3.30   -3.76  SiO2
  Chamosite-7A      2.79     35.54   32.76  Fe2Al2SiO5(OH)4
  Chloromagnesite -33.55    -11.74   21.82  MgCl2
  Chrysotile        2.02     33.05   31.03  Mg3Si2O5(OH)4
  Cl2(g)          -55.51    -52.51    2.99  Cl2
  Clinochlore-14A   7.15     74.20   67.05  Mg5Al2Si3O10(OH)8
  Clinochlore-7A    3.78     74.20   70.42  Mg5Al2Si3O10(OH)8
  Clinoptilolite-Ca  14.33      6.81   -7.52  Ca1.7335Al3.45Fe.017Si14.533O36:10.922H2O
  Clinoptilolite-dehy-Ca -21.33      6.81   28.14  Ca1.7335Al3.45Fe.017Si14.533O36
  Clinoptilolite-dehy-K -26.73     -2.52   24.20  K3.467Al3.45Fe.017Si14.533O36
  Clinoptilolite-dehy-Na -26.52      1.49   28.01  Na3.467Al3.45Fe.017Si14.533O36
  Clinoptilolite-hy-Ca  14.33      6.81   -7.52  Ca1.7335Al3.45Fe.017Si14.533O36:11.645H2O
  Clinoptilolite-hy-K   8.93     -2.52  -11.45  K3.467Al3.45Fe.017Si14.533O36:7.499H2O
  Clinoptilolite-hy-Na   9.14      1.49   -7.65  Na3.467Al3.45Fe.017Si14.533O36:10.877H2O
  Clinoptilolite-K   8.93     -2.52  -11.45  K3.467Al3.45Fe.017Si14.533O36:10.922H2O
  Clinoptilolite-Na   9.13      1.49   -7.64  Na3.467Al3.45Fe.017Si14.533O36:10.922H2O
  Clinozoisite      1.24     44.34   43.10  Ca2Al3Si3O12(OH)
  CO(g)           -22.16    -25.16   -3.00  CO
  CO2(g)           -3.22    -11.05   -7.83  CO2
  Coesite          -0.08     -3.30   -3.22  SiO2
  Coffinite         2.14     -5.92   -8.07  USiO4
  Cordierite_anhyd  -6.10     45.97   52.07  Mg2Al4Si5O18
  Cordierite_hydr  -3.62     45.97   49.59  Mg2Al4Si5O18:H2O
  Corundum         -0.28     18.01   18.29  Al2O3
  Cristobalite(alpha)   0.18     -3.30   -3.48  SiO2
  Cristobalite(beta)  -0.26     -3.30   -3.03  SiO2
  Cronstedtite-7A  11.59     27.77   16.18  Fe2Fe2SiO5(OH)4
  Daphnite-14A      8.10     60.19   52.10  Fe5AlAlSi3O10(OH)8
  Daphnite-7A       4.72     60.19   55.48  Fe5AlAlSi3O10(OH)8
  Dawsonite        -1.11      3.23    4.34  NaAlCO3(OH)2
  Diaspore          1.86      9.01    7.15  AlHO2
  Dicalcium_silicate -13.21     23.92   37.13  Ca2SiO4
  Diopside         -0.66     20.23   20.89  CaMgSi2O6
  Dolomite          2.26      4.73    2.47  CaMg(CO3)2
  Dolomite-dis      0.72      4.73    4.01  CaMg(CO3)2
  Dolomite-ord      2.27      4.73    2.46  CaMg(CO3)2
  Enstatite        -1.37      9.92   11.29  MgSiO3
  Epidote           7.68     40.45   32.77  Ca2FeAl2Si3O12OH
  Epidote-ord       7.69     40.45   32.76  FeCa2Al2(OH)(SiO4)3
  Epsomite         -5.62     -7.58   -1.96  MgSO4:7H2O
  Ettringite      -25.20     37.27   62.46  Ca6Al2(SO4)3(OH)12:26H2O
  Fayalite         -1.53     17.53   19.06  Fe2SiO4
  Fe              -21.04     37.97   59.02  Fe
  Fe(OH)2          -3.48     10.42   13.89  Fe(OH)2
  Fe(OH)3          -0.52      5.12    5.64  Fe(OH)3
  Fe2(SO4)3       -55.21    -52.17    3.05  Fe2(SO4)3
  FeO              -3.11     10.42   13.52  FeO
  Ferrite-Ca        2.35     23.84   21.50  CaFe2O4
  Ferrite-Dicalcium -19.35     37.45   56.80  Ca2Fe2O5
  Ferrite-Mg        2.43     23.45   21.02  MgFe2O4
  Ferrosilite      -0.29      7.12    7.41  FeSiO3
  FeSO4           -12.99    -10.38    2.61  FeSO4
  Fix_H+           -8.41     -8.41    0.00  H+
  Forsterite       -4.67     23.14   27.81  Mg2SiO4
  Foshagite       -21.26     44.54   65.80  Ca4Si3O9(OH)2:0.5H2O
  Gaylussite       -9.11      2.05   11.16  CaNa2(CO3)2:5H2O
  Gehlenite       -14.29     41.93   56.22  Ca2Al2SiO7
  Gibbsite          1.27      9.01    7.74  Al(OH)3
  Gismondine        8.33     50.05   41.72  Ca2Al4Si4O16:9H2O
  Glauberite      -11.98    -17.45   -5.47  Na2Ca(SO4)2
  Goethite          4.59      5.12    0.53  FeOOH
  Greenalite        2.07     24.65   22.58  Fe3Si2O5(OH)4
  Grossular        -2.83     48.94   51.78  Ca3Al2(SiO4)3
  Gypsum           -2.66     -7.19   -4.53  CaSO4:2H2O
  Gyrolite         -5.48     17.32   22.80  Ca2Si3O7(OH)2:1.5H2O
  H2(g)           -15.44    -18.54   -3.10  H2
  H2O(g)           -1.59     -0.00    1.59  H2O
  H2S(g)          -40.85    -48.85   -7.99  H2S
  Haiweeite         8.39      1.34   -7.04  Ca(UO2)2(Si2O5)3:5H2O
  Halite           -8.77     -7.21    1.56  NaCl
  Hatrurite       -35.82     37.53   73.35  Ca3SiO5
  HCl(g)          -18.78    -12.48    6.30  HCl
  Hedenbergite     -2.10     17.43   19.53  CaFe(SiO3)2
  Hematite         10.16     10.23    0.08  Fe2O3
  Hercynite        -0.38     28.43   28.80  FeAl2O4
  Hexahydrite      -5.86     -7.58   -1.73  MgSO4:6H2O
  Hillebrandite   -12.85     23.92   36.77  Ca2SiO3(OH)2:0.17H2O
  Huntite          -1.14      9.07   10.22  CaMg3(CO3)4
  Hydromagnesite   -8.84     21.90   30.74  Mg5(CO3)4(OH)2:4H2O
  Hydrophilite    -23.09    -11.35   11.75  CaCl2
  Ice              -0.14     -0.00    0.14  H2O
  Illite            6.06     14.94    8.88  K0.6Mg0.25Al1.8Al0.5Si3.5O10(OH)2
  Jadeite          -0.63      7.68    8.31  NaAl(SiO3)2
  Jarosite        -12.73    -22.14   -9.41  KFe3(SO4)2(OH)6
  Jarosite-Na     -15.53    -20.98   -5.45  NaFe3(SO4)2(OH)6
  K               -53.09     17.89   70.98  K
  K(g)            -63.69     17.89   81.58  K
  K-Feldspar        3.60      3.22   -0.38  KAlSi3O8
  K2CO3:1.5H2O    -16.20     -2.82   13.38  K2CO3:1.5H2O
  K2O             -75.81      8.22   84.04  K2O
  K2UO4           -21.89     11.99   33.87  K2UO4
  K3H(SO4)2       -25.64    -29.26   -3.62  K3H(SO4)2
  K8H4(CO3)6:3H2O -61.10    -33.39   27.71  K8H4(CO3)6:3H2O
  Kainite         -15.64    -15.95   -0.31  KMgClSO4:3H2O
  KAl(SO4)2       -31.75    -28.48    3.27  KAl(SO4)2
  Kalicinite       -7.22     -6.93    0.28  KHCO3
  Kalsilite        -1.03      9.82   10.85  KAlSiO4
  Kaolinite         4.70     11.42    6.72  Al2Si2O5(OH)4
  Katoite         -20.10     58.84   78.94  Ca3Al2H12O12
  Kieserite        -7.32     -7.58   -0.27  MgSO4:H2O
  KMgCl3          -41.35    -20.10   21.25  KMgCl3
  KMgCl3:2H2O     -34.06    -20.10   13.96  KMgCl3:2H2O
  KNaCO3:6H2O     -11.93     -1.67   10.26  KNaCO3:6H2O
  Kyanite          -0.89     14.71   15.61  Al2SiO5
  Lansfordite      -2.67      2.17    4.84  MgCO3:5H2O
  Larnite         -14.50     23.92   38.42  Ca2SiO4
  Laumontite        4.92     18.43   13.51  CaAl2Si4O12:4H2O
  Lawrencite      -23.59    -14.54    9.05  FeCl2
  Lawsonite         2.92     25.02   22.11  CaAl2Si2O7(OH)2:H2O
  Leonite         -16.05    -20.16   -4.11  K2Mg(SO4)2:4H2O
  Lime            -18.96     13.61   32.57  CaO
  Magnesite        -0.10      2.17    2.27  MgCO3
  Magnetite        10.23     20.65   10.42  Fe3O4
  Margarite         2.11     43.04   40.93  CaAl4Si2O10(OH)2
  Maximum_Microcline   3.60      3.22   -0.38  KAlSi3O8
  Mayenite       -204.76    289.39  494.15  Ca12Al14O33
  Melanterite      -7.99    -10.38   -2.40  FeSO4:7H2O
  Mercallite      -15.25    -16.69   -1.44  KHSO4
  Merwinite       -20.96     47.45   68.41  MgCa3(SiO4)2
  Mesolite          7.01     20.50   13.49  Na.676Ca.657Al1.99Si3.01O10:2.647H2O
  Mg              -81.74     40.78  122.52  Mg
  Mg(g)          -101.47     40.78  142.25  Mg
  Mg1.25SO4(OH)0.5:0.5H2O  -9.47     -4.28    5.20  Mg1.25SO4(OH)0.5:0.5H2O
  Mg1.5SO4(OH)    -10.18     -0.97    9.21  Mg1.5SO4(OH)
  MgCl2:2H2O      -24.47    -11.74   12.73  MgCl2:2H2O
  MgCl2:4H2O      -19.04    -11.74    7.30  MgCl2:4H2O
  MgCl2:H2O       -27.81    -11.74   16.07  MgCl2:H2O
  MgOHCl          -15.15      0.74   15.89  MgOHCl
  MgSO4           -12.41     -7.58    4.83  MgSO4
  MgUO4            -6.01     16.98   22.99  MgUO4
  Minnesotaite      4.22     18.05   13.83  Fe3Si4O10(OH)2
  Mirabilite       -9.11    -10.26   -1.15  Na2SO4:10H2O
  Misenite       -101.63   -112.70  -11.08  K8H6(SO4)7
  Molysite        -45.79    -32.32   13.47  FeCl3
  Monohydrocalcite  -0.12      2.56    2.68  CaCO3:H2O
  Monticellite     -6.00     23.53   29.53  CaMgSiO4
  Montmor-Ca        6.11      8.45    2.34  Ca.165Mg.33Al1.67Si4O10(OH)2
  Montmor-K         5.58      7.56    1.99  K.33Mg.33Al1.67Si4O10(OH)2
  Montmor-Mg        6.16      8.39    2.23  Mg.495Al1.67Si4O10(OH)2
  Montmor-Na        5.62      7.95    2.33  Na.33Mg.33Al1.67Si4O10(OH)2
  Mordenite         2.98     -2.38   -5.36  Ca.2895Na.361Al.94Si5.06O12:3.468H2O
  Mordenite-dehy  -12.15     -2.38    9.77  Ca.2895Na.361Al.94Si5.06O12
  Muscovite         7.79     21.23   13.45  KAl3Si3O10(OH)2
  Na              -48.32     19.05   67.37  Na
  Na(g)           -61.81     19.05   80.86  Na
  Na2CO3          -11.67     -0.51   11.16  Na2CO3
  Na2CO3:7H2O     -10.45     -0.51    9.94  Na2CO3:7H2O
  Na2O            -56.88     10.54   67.42  Na2O
  Na2SiO3         -14.96      7.24   22.20  Na2SiO3
  Na2U2O7          -4.52     18.06   22.59  Na2U2O7
  Na2UO4(alpha)   -15.71     14.30   30.02  Na2UO4
  Na3H(SO4)2      -24.90    -25.79   -0.89  Na3H(SO4)2
  Na3UO4          -42.91     13.33   56.24  Na3UO4
  Na4Ca(SO4)3:2H2O -21.82    -27.71   -5.89  Na4Ca(SO4)3:2H2O
  Na4SiO4         -52.82     17.78   70.60  Na4SiO4
  Na4UO2(CO3)3    -12.34     -8.30    4.04  Na4UO2(CO3)3
  Na6Si2O7        -76.51     25.02  101.53  Na6Si2O7
  NaFeO2           -9.50     10.39   19.88  NaFeO2
  Nahcolite        -5.64     -5.78   -0.14  NaHCO3
  Natrolite         0.26     18.66   18.39  Na2Al2Si3O10:2H2O
  Natron          -10.10     -0.51    9.59  Na2CO3:10H2O
  Natrosilite     -14.12      3.94   18.07  Na2Si2O5
  NaUO3            -5.54      2.79    8.33  NaUO3
  Nepheline        -2.77     10.98   13.75  NaAlSiO4
  Nesquehonite     -3.12      2.17    5.29  MgCO3:3H2O
  Nontronite-Ca    15.08      3.35  -11.73  Ca.165Fe2Al.33Si3.67H2O12
  Nontronite-H     13.79      1.10  -12.69  H.33Fe2Al.33Si3.67H2O12
  Nontronite-K     14.47      2.46  -12.01  K.33Fe2Al.33Si3.67H2O12
  Nontronite-Mg    15.05      3.28  -11.77  Mg.165Fe2Al.33Si3.67H2O12
  Nontronite-Na    14.51      2.84  -11.68  Na.33Fe2Al.33Si3.67H2O12
  O2(g)           -52.23    -55.12   -2.89  O2
  Okenite          -3.30      7.01   10.31  CaSi2O4(OH)2:H2O
  Oxychloride-Mg  -11.88     13.96   25.83  Mg2Cl(OH)3:4H2O
  Paragonite        5.01     22.39   17.38  NaAl3Si3O10(OH)2
  Pargasite        -9.11     92.58  101.70  NaCa2Al3Mg4Si6O22(OH)2
  Pentahydrite     -6.20     -7.58   -1.39  MgSO4:5H2O
  Periclase        -8.11     13.22   21.33  MgO
  Phlogopite        5.58     42.87   37.30  KAlMg3Si3O10(OH)2
  Picromerite     -15.72    -20.16   -4.44  K2Mg(SO4)2:6H2O
  Pirssonite       -9.27      2.05   11.32  Na2Ca(CO3)2:2H2O
  Polyhalite      -20.23    -34.54  -14.31  K2MgCa2(SO4)4:2H2O
  Portlandite      -8.94     13.61   22.55  Ca(OH)2
  Prehnite          2.54     35.33   32.79  Ca2Al2Si3O10(OH)2
  Pseudowollastonite  -3.65     10.31   13.96  CaSiO3
  Pyrite          -55.56    -80.26  -24.70  FeS2
  Pyrophyllite      4.53      4.82    0.29  Al2Si4O10(OH)2
  Pyrrhotite      -34.69    -38.43   -3.74  FeS
  Quartz            0.73     -3.30   -4.03  SiO2
  Rankinite       -17.59     34.23   51.82  Ca3Si2O7
  Ripidolite-14A    7.82     68.60   60.78  Mg3Fe2Al2Si3O10(OH)8
  Ripidolite-7A     4.44     68.60   64.16  Mg3Fe2Al2Si3O10(OH)8
  Rutherfordine    -3.16     -7.28   -4.12  UO2CO3
  S               -31.29    -76.40  -45.11  S
  S2(g)           -76.48    -83.67   -7.19  S2
  Sanidine_high     2.40      3.22    0.82  KAlSi3O8
  Saponite-Ca       6.62     32.76   26.14  Ca.165Mg3Al.33Si3.67O10(OH)2
  Saponite-H        5.33     30.52   25.18  H.33Mg3Al.33Si3.67O10(OH)2
  Saponite-K        6.02     31.87   25.86  K.33Mg3Al.33Si3.67O10(OH)2
  Saponite-Mg       6.60     32.70   26.10  Mg3.165Al.33Si3.67O10(OH)2
  Saponite-Na       6.06     32.26   26.20  Na.33Mg3Al.33Si3.67O10(OH)2
  Schoepite        -1.07      3.76    4.83  UO3:2H2O
  Schoepite-dehy(.393)  -2.96      3.76    6.72  UO3:.393H2O
  Schoepite-dehy(.648)  -2.44      3.76    6.21  UO3:.648H2O
  Schoepite-dehy(.85)  -1.33      3.76    5.10  UO3:.85H2O
  Schoepite-dehy(.9)  -1.26      3.76    5.02  UO3:.9H2O
  Schoepite-dehy(1.0)  -1.34      3.76    5.10  UO3:H2O
  Scolecite         5.98     21.73   15.75  CaAl2Si3O10:3H2O
  Sepiolite         2.86     33.08   30.22  Mg4Si6O15(OH)2:6H2O
  Si              -97.04     51.82  148.86  Si
  Si(g)          -168.12     51.82  219.94  Si
  Siderite         -0.41     -0.63   -0.22  FeCO3
  Sillimanite      -1.53     14.71   16.24  Al2SiO5
  SiO2(am)         -0.56     -3.30   -2.74  SiO2
  Sklodowskite      0.36     14.15   13.79  Mg(H3O)2(UO2)2(SiO4)2:4H2O
  Smectite-high-Fe-Mg   5.56     22.83   17.27  Ca.025Na.1K.2Fe.5Fe.2Mg1.15Al1.25Si3.5H2O12
  Smectite-low-Fe-Mg   5.62     16.51   10.89  Ca.02Na.15K.2Fe.29Fe.16Mg.9Al1.25Si3.75H2O12
  SO2(g)          -30.92    -30.75    0.18  SO2
  Soddyite          3.84      4.23    0.39  (UO2)2SiO4:2H2O
  Spinel           -6.38     31.23   37.61  Al2MgO4
  Starkeyite       -6.58     -7.58   -1.00  MgSO4:4H2O
  Stilbite         10.94     11.75    0.81  Ca1.019Na.136K.006Al2.18Si6.82O18:7.33H2O
  Sylvite          -9.19     -8.37    0.83  KCl
  Syngenite       -12.17    -19.77   -7.60  K2Ca(SO4)2:H2O
  Tachyhydrite    -51.97    -34.82   17.14  Mg2CaCl6:12H2O
  Talc              5.47     26.46   20.99  Mg3Si4O10(OH)2
  Thenardite       -9.90    -10.26   -0.36  Na2SO4
  Thermonatrite   -11.44     -0.51   10.94  Na2CO3:H2O
  Tobermorite-11A -17.14     48.25   65.39  Ca5Si6H11O22.5
  Tobermorite-14A -15.36     48.25   63.61  Ca5Si6H21O27.5
  Tobermorite-9A  -20.60     48.25   68.86  Ca5Si6H6O20
  Tremolite         5.99     66.92   60.93  Ca2Mg5Si8O22(OH)2
  Tridymite         0.54     -3.30   -3.84  SiO2
  Troilite        -34.59    -38.43   -3.84  FeS
  Trona-K         -20.19     -8.60   11.59  K2NaH(CO3)2:2H2O
  U              -126.32     86.44  212.77  U
  U(CO3)2         -32.24    -24.72    7.52  U(CO3)2
  U(g)           -211.88     86.44  298.32  U
  U(OH)2SO4       -20.35    -23.42   -3.07  U(OH)2SO4
  U(SO3)2         -45.57    -82.34  -36.77  U(SO3)2
  U(SO4)2         -32.69    -44.22  -11.53  U(SO4)2
  U(SO4)2:4H2O    -32.68    -44.22  -11.55  U(SO4)2:4H2O
  U(SO4)2:8H2O    -31.66    -44.22  -12.57  U(SO4)2:8H2O
  U2C3           -279.71    175.51  455.21  U2C3
  U2Cl10(g)      -212.32   -129.72   82.60  U2Cl10
  U2Cl8(g)       -187.34   -105.07   82.27  U2Cl8
  U2O2Cl5         -86.67    -67.49   19.19  U2O2Cl5
  U2S3           -192.41   -185.92    6.48  U2S3
  U3S5           -285.87   -286.24   -0.37  U3S5
  U5O12Cl          -6.06    -24.85  -18.79  U5O12Cl
  UC             -129.08     65.72  194.79  UC
  UC1.94(alpha)  -149.97    107.14  257.12  UC1.94
  UCl(g)         -181.59     40.17  221.75  UCl
  UCl2(g)        -149.82     33.93  183.74  UCl2
  UCl3            -70.10    -57.13   12.97  UCl3
  UCl3(g)        -115.71    -57.13   58.58  UCl3
  UCl4            -74.45    -52.53   21.92  UCl4
  UCl4(g)         -98.88    -52.53   46.35  UCl4
  UCl5           -102.09    -64.86   37.23  UCl5
  UCl5(g)        -119.31    -64.86   54.45  UCl5
  UCl6           -128.60    -71.10   57.50  UCl6
  UCl6(g)        -134.47    -71.10   63.37  UCl6
  UH3(beta)      -136.78     62.98  199.77  UH3
  UO(g)          -152.77     58.88  211.65  UO
  UO2(am)          -2.73     -2.62    0.11  UO2
  UO2(g)          -94.27     31.32  125.60  UO2
  UO2(OH)2(beta)   -1.18      3.76    4.95  UO2(OH)2
  UO2.25            2.29     -2.55   -4.84  UO2.25
  UO2.25(beta)      2.21     -2.55   -4.76  UO2.25
  UO2.3333(beta)    4.09    -23.62  -27.71  (UO2.3333)2
  UO2.6667          1.60    -42.00  -43.60  (UO2.6667)2
  UO2Cl           -14.42    -14.95   -0.53  UO2Cl
  UO2Cl2          -33.30    -21.19   12.11  UO2Cl2
  UO2Cl2(g)       -69.13    -21.19   47.93  UO2Cl2
  UO2Cl2:3H2O     -26.80    -21.19    5.61  UO2Cl2:3H2O
  UO2Cl2:H2O      -29.47    -21.19    8.28  UO2Cl2:H2O
  UO2ClOH:2H2O    -11.02     -8.71    2.30  UO2ClOH:2H2O
  UO2CO3           -3.15     -7.28   -4.13  UO2CO3
  UO2SO3          -20.10    -36.09  -15.99  UO2SO3
  UO2SO4          -18.97    -17.04    1.93  UO2SO4
  UO2SO4:2.5H2O   -15.54    -17.04   -1.50  UO2SO4:2.5H2O
  UO2SO4:3.5H2O   -15.55    -17.04   -1.49  UO2SO4:3.5H2O
  UO2SO4:3H2O     -15.63    -17.04   -1.41  UO2SO4:3H2O
  UO2SO4:H2O      -10.97    -17.04   -6.07  UO2SO4:H2O
  UO3(alpha)       -4.88      3.76    8.64  UO3
  UO3(beta)        -4.55      3.76    8.31  UO3
  UO3(g)          -67.19      3.76   70.95  UO3
  UO3(gamma)       -3.95      3.76    7.71  UO3
  UO3:.9H2O(alpha)  -1.26      3.76    5.02  UO3:.9H2O
  UO3:2H2O         -1.07      3.76    4.84  UO3:2H2O
  UOCl            -42.54    -32.17   10.37  UOCl
  UOCl2           -33.00    -27.58    5.42  UOCl2
  UOCl3           -52.49    -39.91   12.58  UOCl3
  Uraninite         2.21     -2.62   -4.83  UO2
  Uranophane       -2.75     14.54   17.29  Ca(UO2)2(SiO3)2(OH)2
  US             -101.40    -54.76   46.64  US
  US1.9           -96.54    -98.85   -2.31  US1.9
  US2             -97.95   -100.32   -2.36  US2
  US3            -126.08   -142.77  -16.69  US3
  Wairakite         0.51     18.43   17.92  CaAl2Si4O10(OH)4
  Weeksite        -19.42     -4.04   15.38  K2(UO2)2(Si2O5)3:4H2O
  Wollastonite     -3.41     10.31   13.72  CaSiO3
  Wustite          -3.10      9.30   12.40  Fe.947O
  Xonotlite       -29.88     61.86   91.74  Ca6Si6O17(OH)2
  Zoisite           1.20     44.34   43.14  Ca2Al3(SiO4)3OH

**For a gas, SI = log10(fugacity). Fugacity = pressure * phi / 1 atm.
  For ideal gases, phi = 1.

------------------
End of simulation.
------------------

------------------------------------
Reading input data for simulation 7.
------------------------------------

---------------------------------
End of Run after 0.06784 Seconds.
---------------------------------

